{"/Users/stoetenremco/projects/github-api-serviec/.eslintrc.js": {"path":"/Users/stoetenremco/projects/github-api-serviec/.eslintrc.js","all":true,"statementMap":{"0":{"start":{"line":1,"column":0},"end":{"line":1,"column":18}},"1":{"start":{"line":2,"column":0},"end":{"line":2,"column":38}},"2":{"start":{"line":3,"column":0},"end":{"line":3,"column":18}},"3":{"start":{"line":4,"column":0},"end":{"line":4,"column":22}},"4":{"start":{"line":5,"column":0},"end":{"line":5,"column":25}},"5":{"start":{"line":6,"column":0},"end":{"line":6,"column":31}},"6":{"start":{"line":7,"column":0},"end":{"line":7,"column":4}},"7":{"start":{"line":8,"column":0},"end":{"line":8,"column":34}},"8":{"start":{"line":9,"column":0},"end":{"line":9,"column":12}},"9":{"start":{"line":10,"column":0},"end":{"line":10,"column":25}},"10":{"start":{"line":11,"column":0},"end":{"line":11,"column":37}},"11":{"start":{"line":12,"column":0},"end":{"line":12,"column":61}},"12":{"start":{"line":13,"column":0},"end":{"line":13,"column":4}},"13":{"start":{"line":14,"column":0},"end":{"line":14,"column":10}},"14":{"start":{"line":15,"column":0},"end":{"line":15,"column":44}},"15":{"start":{"line":16,"column":0},"end":{"line":16,"column":54}},"16":{"start":{"line":17,"column":0},"end":{"line":17,"column":29}},"17":{"start":{"line":18,"column":0},"end":{"line":18,"column":14}},"18":{"start":{"line":19,"column":0},"end":{"line":19,"column":7}},"19":{"start":{"line":20,"column":0},"end":{"line":20,"column":37}},"20":{"start":{"line":21,"column":0},"end":{"line":21,"column":67}},"21":{"start":{"line":22,"column":0},"end":{"line":22,"column":8}},"22":{"start":{"line":23,"column":0},"end":{"line":23,"column":7}},"23":{"start":{"line":24,"column":0},"end":{"line":24,"column":44}},"24":{"start":{"line":25,"column":0},"end":{"line":25,"column":87}},"25":{"start":{"line":26,"column":0},"end":{"line":26,"column":8}},"26":{"start":{"line":27,"column":0},"end":{"line":27,"column":6}},"27":{"start":{"line":28,"column":0},"end":{"line":28,"column":4}},"28":{"start":{"line":29,"column":0},"end":{"line":29,"column":57}},"29":{"start":{"line":30,"column":0},"end":{"line":30,"column":75}},"30":{"start":{"line":31,"column":0},"end":{"line":31,"column":4}},"31":{"start":{"line":32,"column":0},"end":{"line":32,"column":56}},"32":{"start":{"line":33,"column":0},"end":{"line":33,"column":44}},"33":{"start":{"line":34,"column":0},"end":{"line":34,"column":39}},"34":{"start":{"line":35,"column":0},"end":{"line":35,"column":37}},"35":{"start":{"line":36,"column":0},"end":{"line":36,"column":7}},"36":{"start":{"line":37,"column":0},"end":{"line":37,"column":34}},"37":{"start":{"line":38,"column":0},"end":{"line":38,"column":64}},"38":{"start":{"line":39,"column":0},"end":{"line":39,"column":4}},"39":{"start":{"line":40,"column":0},"end":{"line":40,"column":41}},"40":{"start":{"line":41,"column":0},"end":{"line":41,"column":50}},"41":{"start":{"line":42,"column":0},"end":{"line":42,"column":96}},"42":{"start":{"line":43,"column":0},"end":{"line":43,"column":28}},"43":{"start":{"line":44,"column":0},"end":{"line":44,"column":22}},"44":{"start":{"line":45,"column":0},"end":{"line":45,"column":33}},"45":{"start":{"line":46,"column":0},"end":{"line":46,"column":4}},"46":{"start":{"line":47,"column":0},"end":{"line":47,"column":25}},"47":{"start":{"line":48,"column":0},"end":{"line":48,"column":30}},"48":{"start":{"line":49,"column":0},"end":{"line":49,"column":14}},"49":{"start":{"line":50,"column":0},"end":{"line":50,"column":7}},"50":{"start":{"line":51,"column":0},"end":{"line":51,"column":22}},"51":{"start":{"line":52,"column":0},"end":{"line":52,"column":66}},"52":{"start":{"line":53,"column":0},"end":{"line":53,"column":8}},"53":{"start":{"line":54,"column":0},"end":{"line":54,"column":6}},"54":{"start":{"line":55,"column":0},"end":{"line":55,"column":4}},"55":{"start":{"line":56,"column":0},"end":{"line":56,"column":46}},"56":{"start":{"line":57,"column":0},"end":{"line":57,"column":56}},"57":{"start":{"line":58,"column":0},"end":{"line":58,"column":60}},"58":{"start":{"line":59,"column":0},"end":{"line":59,"column":56}},"59":{"start":{"line":60,"column":0},"end":{"line":60,"column":59}},"60":{"start":{"line":61,"column":0},"end":{"line":61,"column":48}},"61":{"start":{"line":62,"column":0},"end":{"line":62,"column":55}},"62":{"start":{"line":63,"column":0},"end":{"line":63,"column":4}},"63":{"start":{"line":64,"column":0},"end":{"line":64,"column":29}},"64":{"start":{"line":65,"column":0},"end":{"line":65,"column":25}},"65":{"start":{"line":66,"column":0},"end":{"line":66,"column":24}},"66":{"start":{"line":67,"column":0},"end":{"line":67,"column":27}},"67":{"start":{"line":68,"column":0},"end":{"line":68,"column":32}},"68":{"start":{"line":69,"column":0},"end":{"line":69,"column":28}},"69":{"start":{"line":70,"column":0},"end":{"line":70,"column":44}},"70":{"start":{"line":71,"column":0},"end":{"line":71,"column":4}},"71":{"start":{"line":72,"column":0},"end":{"line":72,"column":26}},"72":{"start":{"line":73,"column":0},"end":{"line":73,"column":64}},"73":{"start":{"line":74,"column":0},"end":{"line":74,"column":50}},"74":{"start":{"line":75,"column":0},"end":{"line":75,"column":49}},"75":{"start":{"line":76,"column":0},"end":{"line":76,"column":72}},"76":{"start":{"line":77,"column":0},"end":{"line":77,"column":53}},"77":{"start":{"line":78,"column":0},"end":{"line":78,"column":50}},"78":{"start":{"line":79,"column":0},"end":{"line":79,"column":4}},"79":{"start":{"line":80,"column":0},"end":{"line":80,"column":8}},"80":{"start":{"line":81,"column":0},"end":{"line":81,"column":15}},"81":{"start":{"line":82,"column":0},"end":{"line":82,"column":14}},"82":{"start":{"line":83,"column":0},"end":{"line":83,"column":4}},"83":{"start":{"line":84,"column":0},"end":{"line":84,"column":69}},"84":{"start":{"line":85,"column":0},"end":{"line":85,"column":2}}},"s":{"0":0,"1":0,"2":0,"3":0,"4":0,"5":0,"6":0,"7":0,"8":0,"9":0,"10":0,"11":0,"12":0,"13":0,"14":0,"15":0,"16":0,"17":0,"18":0,"19":0,"20":0,"21":0,"22":0,"23":0,"24":0,"25":0,"26":0,"27":0,"28":0,"29":0,"30":0,"31":0,"32":0,"33":0,"34":0,"35":0,"36":0,"37":0,"38":0,"39":0,"40":0,"41":0,"42":0,"43":0,"44":0,"45":0,"46":0,"47":0,"48":0,"49":0,"50":0,"51":0,"52":0,"53":0,"54":0,"55":0,"56":0,"57":0,"58":0,"59":0,"60":0,"61":0,"62":0,"63":0,"64":0,"65":0,"66":0,"67":0,"68":0,"69":0,"70":0,"71":0,"72":0,"73":0,"74":0,"75":0,"76":0,"77":0,"78":0,"79":0,"80":0,"81":0,"82":0,"83":0,"84":0},"branchMap":{"0":{"type":"branch","line":1,"loc":{"start":{"line":1,"column":2793},"end":{"line":85,"column":2}},"locations":[{"start":{"line":1,"column":2793},"end":{"line":85,"column":2}}]}},"b":{"0":[0]},"fnMap":{"0":{"name":"(empty-report)","decl":{"start":{"line":1,"column":2793},"end":{"line":85,"column":2}},"loc":{"start":{"line":1,"column":2793},"end":{"line":85,"column":2}},"line":1}},"f":{"0":0}}
,"/Users/stoetenremco/projects/github-api-serviec/.prettierrc.js": {"path":"/Users/stoetenremco/projects/github-api-serviec/.prettierrc.js","all":true,"statementMap":{"0":{"start":{"line":1,"column":0},"end":{"line":1,"column":18}},"1":{"start":{"line":2,"column":0},"end":{"line":2,"column":14}},"2":{"start":{"line":3,"column":0},"end":{"line":3,"column":20}},"3":{"start":{"line":4,"column":0},"end":{"line":4,"column":23}},"4":{"start":{"line":5,"column":0},"end":{"line":5,"column":14}},"5":{"start":{"line":6,"column":0},"end":{"line":6,"column":17}},"6":{"start":{"line":7,"column":0},"end":{"line":7,"column":28}},"7":{"start":{"line":8,"column":0},"end":{"line":8,"column":14}},"8":{"start":{"line":9,"column":0},"end":{"line":9,"column":14}},"9":{"start":{"line":10,"column":0},"end":{"line":10,"column":5}},"10":{"start":{"line":11,"column":0},"end":{"line":11,"column":31}},"11":{"start":{"line":12,"column":0},"end":{"line":12,"column":16}},"12":{"start":{"line":13,"column":0},"end":{"line":13,"column":37}},"13":{"start":{"line":14,"column":0},"end":{"line":14,"column":29}},"14":{"start":{"line":15,"column":0},"end":{"line":15,"column":8}},"15":{"start":{"line":16,"column":0},"end":{"line":16,"column":6}},"16":{"start":{"line":17,"column":0},"end":{"line":17,"column":4}},"17":{"start":{"line":18,"column":0},"end":{"line":18,"column":2}}},"s":{"0":0,"1":0,"2":0,"3":0,"4":0,"5":0,"6":0,"7":0,"8":0,"9":0,"10":0,"11":0,"12":0,"13":0,"14":0,"15":0,"16":0,"17":0},"branchMap":{"0":{"type":"branch","line":1,"loc":{"start":{"line":1,"column":317},"end":{"line":18,"column":2}},"locations":[{"start":{"line":1,"column":317},"end":{"line":18,"column":2}}]}},"b":{"0":[0]},"fnMap":{"0":{"name":"(empty-report)","decl":{"start":{"line":1,"column":317},"end":{"line":18,"column":2}},"loc":{"start":{"line":1,"column":317},"end":{"line":18,"column":2}},"line":1}},"f":{"0":0}}
,"/Users/stoetenremco/projects/github-api-serviec/vitest.config.ts": {"path":"/Users/stoetenremco/projects/github-api-serviec/vitest.config.ts","all":true,"statementMap":{"0":{"start":{"line":1,"column":0},"end":{"line":1,"column":44}},"1":{"start":{"line":2,"column":0},"end":{"line":2,"column":30}},"3":{"start":{"line":4,"column":0},"end":{"line":4,"column":29}},"4":{"start":{"line":5,"column":0},"end":{"line":5,"column":9}},"5":{"start":{"line":6,"column":0},"end":{"line":6,"column":24}},"6":{"start":{"line":7,"column":0},"end":{"line":7,"column":18}},"7":{"start":{"line":8,"column":0},"end":{"line":8,"column":15}},"8":{"start":{"line":9,"column":0},"end":{"line":9,"column":21}},"9":{"start":{"line":10,"column":0},"end":{"line":10,"column":41}},"10":{"start":{"line":11,"column":0},"end":{"line":11,"column":16}},"11":{"start":{"line":12,"column":0},"end":{"line":12,"column":24}},"12":{"start":{"line":13,"column":0},"end":{"line":13,"column":16}},"13":{"start":{"line":14,"column":0},"end":{"line":14,"column":20}},"14":{"start":{"line":15,"column":0},"end":{"line":15,"column":20}},"15":{"start":{"line":16,"column":0},"end":{"line":16,"column":23}},"16":{"start":{"line":17,"column":0},"end":{"line":17,"column":22}},"17":{"start":{"line":18,"column":0},"end":{"line":18,"column":7}},"18":{"start":{"line":19,"column":0},"end":{"line":19,"column":5}},"19":{"start":{"line":20,"column":0},"end":{"line":20,"column":4}},"20":{"start":{"line":21,"column":0},"end":{"line":21,"column":12}},"21":{"start":{"line":22,"column":0},"end":{"line":22,"column":12}},"22":{"start":{"line":23,"column":0},"end":{"line":23,"column":36}},"23":{"start":{"line":24,"column":0},"end":{"line":24,"column":5}},"24":{"start":{"line":25,"column":0},"end":{"line":25,"column":3}},"25":{"start":{"line":26,"column":0},"end":{"line":26,"column":2}}},"s":{"0":0,"1":0,"3":0,"4":0,"5":0,"6":0,"7":0,"8":0,"9":0,"10":0,"11":0,"12":0,"13":0,"14":0,"15":0,"16":0,"17":0,"18":0,"19":0,"20":0,"21":0,"22":0,"23":0,"24":0,"25":0},"branchMap":{"0":{"type":"branch","line":1,"loc":{"start":{"line":1,"column":483},"end":{"line":26,"column":2}},"locations":[{"start":{"line":1,"column":483},"end":{"line":26,"column":2}}]}},"b":{"0":[0]},"fnMap":{"0":{"name":"(empty-report)","decl":{"start":{"line":1,"column":483},"end":{"line":26,"column":2}},"loc":{"start":{"line":1,"column":483},"end":{"line":26,"column":2}},"line":1}},"f":{"0":0}}
,"/Users/stoetenremco/projects/github-api-serviec/src/index.ts": {"path":"/Users/stoetenremco/projects/github-api-serviec/src/index.ts","all":true,"statementMap":{"4":{"start":{"line":5,"column":0},"end":{"line":5,"column":57}},"7":{"start":{"line":8,"column":0},"end":{"line":8,"column":70}},"9":{"start":{"line":10,"column":0},"end":{"line":10,"column":51}},"12":{"start":{"line":13,"column":0},"end":{"line":13,"column":59}},"15":{"start":{"line":16,"column":0},"end":{"line":16,"column":8}},"29":{"start":{"line":30,"column":0},"end":{"line":30,"column":8}},"44":{"start":{"line":45,"column":0},"end":{"line":45,"column":8}},"67":{"start":{"line":68,"column":0},"end":{"line":68,"column":83}},"68":{"start":{"line":69,"column":0},"end":{"line":69,"column":48}},"70":{"start":{"line":71,"column":0},"end":{"line":71,"column":27}},"71":{"start":{"line":72,"column":0},"end":{"line":72,"column":42}},"72":{"start":{"line":73,"column":0},"end":{"line":73,"column":49}},"74":{"start":{"line":75,"column":0},"end":{"line":75,"column":18}},"75":{"start":{"line":76,"column":0},"end":{"line":76,"column":28}},"76":{"start":{"line":77,"column":0},"end":{"line":77,"column":5}},"78":{"start":{"line":79,"column":0},"end":{"line":79,"column":21}},"79":{"start":{"line":80,"column":0},"end":{"line":80,"column":24}},"80":{"start":{"line":81,"column":0},"end":{"line":81,"column":43}},"81":{"start":{"line":82,"column":0},"end":{"line":82,"column":20}},"82":{"start":{"line":83,"column":0},"end":{"line":83,"column":39}},"83":{"start":{"line":84,"column":0},"end":{"line":84,"column":20}},"84":{"start":{"line":85,"column":0},"end":{"line":85,"column":14}},"85":{"start":{"line":86,"column":0},"end":{"line":86,"column":39}},"86":{"start":{"line":87,"column":0},"end":{"line":87,"column":5}},"87":{"start":{"line":88,"column":0},"end":{"line":88,"column":3}},"88":{"start":{"line":89,"column":0},"end":{"line":89,"column":1}}},"s":{"4":0,"7":0,"9":0,"12":0,"15":0,"29":0,"44":0,"67":0,"68":0,"70":0,"71":0,"72":0,"74":0,"75":0,"76":0,"78":0,"79":0,"80":0,"81":0,"82":0,"83":0,"84":0,"85":0,"86":0,"87":0,"88":0},"branchMap":{"0":{"type":"branch","line":1,"loc":{"start":{"line":1,"column":2460},"end":{"line":92,"column":39}},"locations":[{"start":{"line":1,"column":2460},"end":{"line":92,"column":39}}]}},"b":{"0":[1]},"fnMap":{"0":{"name":"(empty-report)","decl":{"start":{"line":1,"column":2460},"end":{"line":92,"column":39}},"loc":{"start":{"line":1,"column":2460},"end":{"line":92,"column":39}},"line":1}},"f":{"0":1}}
,"/Users/stoetenremco/projects/github-api-serviec/src/builders/response-builder.ts": {"path":"/Users/stoetenremco/projects/github-api-serviec/src/builders/response-builder.ts","all":false,"statementMap":{"25":{"start":{"line":26,"column":0},"end":{"line":26,"column":86}},"26":{"start":{"line":27,"column":0},"end":{"line":27,"column":24}},"27":{"start":{"line":28,"column":0},"end":{"line":28,"column":1}},"29":{"start":{"line":30,"column":0},"end":{"line":30,"column":94}},"30":{"start":{"line":31,"column":0},"end":{"line":31,"column":10}},"31":{"start":{"line":32,"column":0},"end":{"line":32,"column":15}},"32":{"start":{"line":33,"column":0},"end":{"line":33,"column":42}},"33":{"start":{"line":34,"column":0},"end":{"line":34,"column":30}},"34":{"start":{"line":35,"column":0},"end":{"line":35,"column":6}},"35":{"start":{"line":36,"column":0},"end":{"line":36,"column":26}},"36":{"start":{"line":37,"column":0},"end":{"line":37,"column":3}},"37":{"start":{"line":38,"column":0},"end":{"line":38,"column":1}},"39":{"start":{"line":40,"column":0},"end":{"line":40,"column":86}},"40":{"start":{"line":41,"column":0},"end":{"line":41,"column":27}},"42":{"start":{"line":43,"column":0},"end":{"line":43,"column":10}},"43":{"start":{"line":44,"column":0},"end":{"line":44,"column":15}},"44":{"start":{"line":45,"column":0},"end":{"line":45,"column":17}},"45":{"start":{"line":46,"column":0},"end":{"line":46,"column":6}},"46":{"start":{"line":47,"column":0},"end":{"line":47,"column":65}},"47":{"start":{"line":48,"column":0},"end":{"line":48,"column":52}},"48":{"start":{"line":49,"column":0},"end":{"line":49,"column":17}},"49":{"start":{"line":50,"column":0},"end":{"line":50,"column":6}},"50":{"start":{"line":51,"column":0},"end":{"line":51,"column":13}},"51":{"start":{"line":52,"column":0},"end":{"line":52,"column":43}},"52":{"start":{"line":53,"column":0},"end":{"line":53,"column":6}},"53":{"start":{"line":54,"column":0},"end":{"line":54,"column":3}},"54":{"start":{"line":55,"column":0},"end":{"line":55,"column":1}},"90":{"start":{"line":91,"column":0},"end":{"line":91,"column":33}},"91":{"start":{"line":92,"column":0},"end":{"line":92,"column":12}},"92":{"start":{"line":93,"column":0},"end":{"line":93,"column":39}},"93":{"start":{"line":94,"column":0},"end":{"line":94,"column":22}},"94":{"start":{"line":95,"column":0},"end":{"line":95,"column":80}},"95":{"start":{"line":96,"column":0},"end":{"line":96,"column":49}},"97":{"start":{"line":98,"column":0},"end":{"line":98,"column":10}},"98":{"start":{"line":99,"column":0},"end":{"line":99,"column":9}},"99":{"start":{"line":100,"column":0},"end":{"line":100,"column":11}},"100":{"start":{"line":101,"column":0},"end":{"line":101,"column":12}},"101":{"start":{"line":102,"column":0},"end":{"line":102,"column":11}},"102":{"start":{"line":103,"column":0},"end":{"line":103,"column":15}},"103":{"start":{"line":104,"column":0},"end":{"line":104,"column":18}},"104":{"start":{"line":105,"column":0},"end":{"line":105,"column":6}},"105":{"start":{"line":106,"column":0},"end":{"line":106,"column":12}},"106":{"start":{"line":107,"column":0},"end":{"line":107,"column":79}},"107":{"start":{"line":108,"column":0},"end":{"line":108,"column":11}},"108":{"start":{"line":109,"column":0},"end":{"line":109,"column":23}},"109":{"start":{"line":110,"column":0},"end":{"line":110,"column":65}},"110":{"start":{"line":111,"column":0},"end":{"line":111,"column":17}},"111":{"start":{"line":112,"column":0},"end":{"line":112,"column":11}},"112":{"start":{"line":113,"column":0},"end":{"line":113,"column":77}},"113":{"start":{"line":114,"column":0},"end":{"line":114,"column":11}},"114":{"start":{"line":115,"column":0},"end":{"line":115,"column":26}},"115":{"start":{"line":116,"column":0},"end":{"line":116,"column":62}},"116":{"start":{"line":117,"column":0},"end":{"line":117,"column":17}},"117":{"start":{"line":118,"column":0},"end":{"line":118,"column":6}},"118":{"start":{"line":119,"column":0},"end":{"line":119,"column":3}},"119":{"start":{"line":120,"column":0},"end":{"line":120,"column":1}},"121":{"start":{"line":122,"column":0},"end":{"line":122,"column":28}},"122":{"start":{"line":123,"column":0},"end":{"line":123,"column":18}},"123":{"start":{"line":124,"column":0},"end":{"line":124,"column":15}},"124":{"start":{"line":125,"column":0},"end":{"line":125,"column":35}},"125":{"start":{"line":126,"column":0},"end":{"line":126,"column":19}},"126":{"start":{"line":127,"column":0},"end":{"line":127,"column":10}},"127":{"start":{"line":128,"column":0},"end":{"line":128,"column":12}},"128":{"start":{"line":129,"column":0},"end":{"line":129,"column":14}},"129":{"start":{"line":130,"column":0},"end":{"line":130,"column":11}},"130":{"start":{"line":131,"column":0},"end":{"line":131,"column":14}},"131":{"start":{"line":132,"column":0},"end":{"line":132,"column":6}},"132":{"start":{"line":133,"column":0},"end":{"line":133,"column":3}},"133":{"start":{"line":134,"column":0},"end":{"line":134,"column":1}},"135":{"start":{"line":136,"column":0},"end":{"line":136,"column":59}},"136":{"start":{"line":137,"column":0},"end":{"line":137,"column":17}},"137":{"start":{"line":138,"column":0},"end":{"line":138,"column":1}},"139":{"start":{"line":140,"column":0},"end":{"line":140,"column":74}},"140":{"start":{"line":141,"column":0},"end":{"line":141,"column":42}},"141":{"start":{"line":142,"column":0},"end":{"line":142,"column":40}},"142":{"start":{"line":143,"column":0},"end":{"line":143,"column":41}},"143":{"start":{"line":144,"column":0},"end":{"line":144,"column":1}}},"s":{"25":1,"26":1,"27":1,"29":1,"30":1,"31":1,"32":1,"33":1,"34":1,"35":1,"36":1,"37":1,"39":5,"40":5,"42":5,"43":5,"44":1,"45":1,"46":5,"47":3,"48":3,"49":3,"50":5,"51":3,"52":3,"53":5,"54":5,"90":5,"91":5,"92":5,"93":5,"94":5,"95":5,"97":5,"98":5,"99":5,"100":5,"101":5,"102":5,"103":5,"104":5,"105":5,"106":5,"107":5,"108":5,"109":4,"110":1,"111":5,"112":5,"113":5,"114":5,"115":2,"116":3,"117":5,"118":5,"119":5,"121":2,"122":2,"123":2,"124":2,"125":2,"126":2,"127":2,"128":2,"129":2,"130":2,"131":2,"132":2,"133":2,"135":1,"136":1,"137":1,"139":6,"140":6,"141":6,"142":6,"143":6},"branchMap":{"0":{"type":"branch","line":26,"loc":{"start":{"line":26,"column":0},"end":{"line":28,"column":1}},"locations":[{"start":{"line":26,"column":0},"end":{"line":28,"column":1}}]},"1":{"type":"branch","line":30,"loc":{"start":{"line":30,"column":0},"end":{"line":38,"column":1}},"locations":[{"start":{"line":30,"column":0},"end":{"line":38,"column":1}}]},"2":{"type":"branch","line":40,"loc":{"start":{"line":40,"column":0},"end":{"line":55,"column":1}},"locations":[{"start":{"line":40,"column":0},"end":{"line":55,"column":1}}]},"3":{"type":"branch","line":44,"loc":{"start":{"line":44,"column":4},"end":{"line":46,"column":6}},"locations":[{"start":{"line":44,"column":4},"end":{"line":46,"column":6}}]},"4":{"type":"branch","line":47,"loc":{"start":{"line":47,"column":4},"end":{"line":50,"column":6}},"locations":[{"start":{"line":47,"column":4},"end":{"line":50,"column":6}}]},"5":{"type":"branch","line":51,"loc":{"start":{"line":51,"column":4},"end":{"line":53,"column":6}},"locations":[{"start":{"line":51,"column":4},"end":{"line":53,"column":6}}]},"6":{"type":"branch","line":91,"loc":{"start":{"line":91,"column":0},"end":{"line":120,"column":1}},"locations":[{"start":{"line":91,"column":0},"end":{"line":120,"column":1}}]},"7":{"type":"branch","line":107,"loc":{"start":{"line":107,"column":27},"end":{"line":107,"column":74}},"locations":[{"start":{"line":107,"column":27},"end":{"line":107,"column":74}}]},"8":{"type":"branch","line":107,"loc":{"start":{"line":107,"column":69},"end":{"line":107,"column":79}},"locations":[{"start":{"line":107,"column":69},"end":{"line":107,"column":79}}]},"9":{"type":"branch","line":109,"loc":{"start":{"line":109,"column":22},"end":{"line":110,"column":65}},"locations":[{"start":{"line":109,"column":22},"end":{"line":110,"column":65}}]},"10":{"type":"branch","line":110,"loc":{"start":{"line":110,"column":63},"end":{"line":111,"column":17}},"locations":[{"start":{"line":110,"column":63},"end":{"line":111,"column":17}}]},"11":{"type":"branch","line":113,"loc":{"start":{"line":113,"column":15},"end":{"line":113,"column":72}},"locations":[{"start":{"line":113,"column":15},"end":{"line":113,"column":72}}]},"12":{"type":"branch","line":113,"loc":{"start":{"line":113,"column":67},"end":{"line":113,"column":77}},"locations":[{"start":{"line":113,"column":67},"end":{"line":113,"column":77}}]},"13":{"type":"branch","line":115,"loc":{"start":{"line":115,"column":15},"end":{"line":116,"column":62}},"locations":[{"start":{"line":115,"column":15},"end":{"line":116,"column":62}}]},"14":{"type":"branch","line":116,"loc":{"start":{"line":116,"column":60},"end":{"line":117,"column":17}},"locations":[{"start":{"line":116,"column":60},"end":{"line":117,"column":17}}]},"15":{"type":"branch","line":122,"loc":{"start":{"line":122,"column":0},"end":{"line":134,"column":1}},"locations":[{"start":{"line":122,"column":0},"end":{"line":134,"column":1}}]},"16":{"type":"branch","line":136,"loc":{"start":{"line":136,"column":0},"end":{"line":138,"column":1}},"locations":[{"start":{"line":136,"column":0},"end":{"line":138,"column":1}}]},"17":{"type":"branch","line":140,"loc":{"start":{"line":140,"column":0},"end":{"line":144,"column":1}},"locations":[{"start":{"line":140,"column":0},"end":{"line":144,"column":1}}]}},"b":{"0":[1],"1":[1],"2":[5],"3":[1],"4":[3],"5":[3],"6":[5],"7":[4],"8":[1],"9":[4],"10":[1],"11":[2],"12":[3],"13":[2],"14":[3],"15":[2],"16":[1],"17":[6]},"fnMap":{"0":{"name":"buildSimple","decl":{"start":{"line":26,"column":0},"end":{"line":28,"column":1}},"loc":{"start":{"line":26,"column":0},"end":{"line":28,"column":1}},"line":26},"1":{"name":"buildStructured","decl":{"start":{"line":30,"column":0},"end":{"line":38,"column":1}},"loc":{"start":{"line":30,"column":0},"end":{"line":38,"column":1}},"line":30},"2":{"name":"buildFluent","decl":{"start":{"line":40,"column":0},"end":{"line":55,"column":1}},"loc":{"start":{"line":40,"column":0},"end":{"line":55,"column":1}},"line":40},"3":{"name":"getUser","decl":{"start":{"line":44,"column":4},"end":{"line":46,"column":6}},"loc":{"start":{"line":44,"column":4},"end":{"line":46,"column":6}},"line":44},"4":{"name":"filterRepos","decl":{"start":{"line":47,"column":4},"end":{"line":50,"column":6}},"loc":{"start":{"line":47,"column":4},"end":{"line":50,"column":6}},"line":47},"5":{"name":"value","decl":{"start":{"line":51,"column":4},"end":{"line":53,"column":6}},"loc":{"start":{"line":51,"column":4},"end":{"line":53,"column":6}},"line":51},"6":{"name":"buildSuccessResponse","decl":{"start":{"line":91,"column":0},"end":{"line":120,"column":1}},"loc":{"start":{"line":91,"column":0},"end":{"line":120,"column":1}},"line":91},"7":{"name":"buildErrorResponse","decl":{"start":{"line":122,"column":0},"end":{"line":134,"column":1}},"loc":{"start":{"line":122,"column":0},"end":{"line":134,"column":1}},"line":122},"8":{"name":"buildSingleItemResponse","decl":{"start":{"line":136,"column":0},"end":{"line":138,"column":1}},"loc":{"start":{"line":136,"column":0},"end":{"line":138,"column":1}},"line":136},"9":{"name":"paginateData","decl":{"start":{"line":140,"column":0},"end":{"line":144,"column":1}},"loc":{"start":{"line":140,"column":0},"end":{"line":144,"column":1}},"line":140}},"f":{"0":1,"1":1,"2":5,"3":1,"4":3,"5":3,"6":5,"7":2,"8":1,"9":6}}
,"/Users/stoetenremco/projects/github-api-serviec/src/filters/repository-filters.ts": {"path":"/Users/stoetenremco/projects/github-api-serviec/src/filters/repository-filters.ts","all":false,"statementMap":{"35":{"start":{"line":36,"column":0},"end":{"line":36,"column":38}},"36":{"start":{"line":37,"column":0},"end":{"line":37,"column":29}},"37":{"start":{"line":38,"column":0},"end":{"line":38,"column":18}},"38":{"start":{"line":39,"column":0},"end":{"line":39,"column":24}},"39":{"start":{"line":40,"column":0},"end":{"line":40,"column":59}},"40":{"start":{"line":41,"column":0},"end":{"line":41,"column":1}},"42":{"start":{"line":43,"column":0},"end":{"line":43,"column":35}},"43":{"start":{"line":44,"column":0},"end":{"line":44,"column":29}},"44":{"start":{"line":45,"column":0},"end":{"line":45,"column":15}},"45":{"start":{"line":46,"column":0},"end":{"line":46,"column":14}},"46":{"start":{"line":47,"column":0},"end":{"line":47,"column":24}},"47":{"start":{"line":48,"column":0},"end":{"line":48,"column":33}},"48":{"start":{"line":49,"column":0},"end":{"line":49,"column":65}},"49":{"start":{"line":50,"column":0},"end":{"line":50,"column":65}},"50":{"start":{"line":51,"column":0},"end":{"line":51,"column":15}},"51":{"start":{"line":52,"column":0},"end":{"line":52,"column":4}},"52":{"start":{"line":53,"column":0},"end":{"line":53,"column":1}},"54":{"start":{"line":55,"column":0},"end":{"line":55,"column":35}},"55":{"start":{"line":56,"column":0},"end":{"line":56,"column":29}},"56":{"start":{"line":57,"column":0},"end":{"line":57,"column":15}},"57":{"start":{"line":58,"column":0},"end":{"line":58,"column":14}},"58":{"start":{"line":59,"column":0},"end":{"line":59,"column":24}},"59":{"start":{"line":60,"column":0},"end":{"line":60,"column":33}},"60":{"start":{"line":61,"column":0},"end":{"line":61,"column":70}},"61":{"start":{"line":62,"column":0},"end":{"line":62,"column":70}},"62":{"start":{"line":63,"column":0},"end":{"line":63,"column":15}},"63":{"start":{"line":64,"column":0},"end":{"line":64,"column":4}},"64":{"start":{"line":65,"column":0},"end":{"line":65,"column":1}},"66":{"start":{"line":67,"column":0},"end":{"line":67,"column":38}},"67":{"start":{"line":68,"column":0},"end":{"line":68,"column":29}},"68":{"start":{"line":69,"column":0},"end":{"line":69,"column":15}},"69":{"start":{"line":70,"column":0},"end":{"line":70,"column":14}},"70":{"start":{"line":71,"column":0},"end":{"line":71,"column":24}},"71":{"start":{"line":72,"column":0},"end":{"line":72,"column":33}},"72":{"start":{"line":73,"column":0},"end":{"line":73,"column":68}},"73":{"start":{"line":74,"column":0},"end":{"line":74,"column":68}},"74":{"start":{"line":75,"column":0},"end":{"line":75,"column":15}},"75":{"start":{"line":76,"column":0},"end":{"line":76,"column":4}},"76":{"start":{"line":77,"column":0},"end":{"line":77,"column":1}},"78":{"start":{"line":79,"column":0},"end":{"line":79,"column":36}},"79":{"start":{"line":80,"column":0},"end":{"line":80,"column":29}},"80":{"start":{"line":81,"column":0},"end":{"line":81,"column":18}},"81":{"start":{"line":82,"column":0},"end":{"line":82,"column":24}},"82":{"start":{"line":83,"column":0},"end":{"line":83,"column":31}},"83":{"start":{"line":84,"column":0},"end":{"line":84,"column":56}},"84":{"start":{"line":85,"column":0},"end":{"line":85,"column":3}},"85":{"start":{"line":86,"column":0},"end":{"line":86,"column":1}},"87":{"start":{"line":88,"column":0},"end":{"line":88,"column":37}},"88":{"start":{"line":89,"column":0},"end":{"line":89,"column":29}},"89":{"start":{"line":90,"column":0},"end":{"line":90,"column":17}},"90":{"start":{"line":91,"column":0},"end":{"line":91,"column":24}},"91":{"start":{"line":92,"column":0},"end":{"line":92,"column":62}},"92":{"start":{"line":93,"column":0},"end":{"line":93,"column":1}},"94":{"start":{"line":95,"column":0},"end":{"line":95,"column":28}},"95":{"start":{"line":96,"column":0},"end":{"line":96,"column":29}},"96":{"start":{"line":97,"column":0},"end":{"line":97,"column":35}},"97":{"start":{"line":98,"column":0},"end":{"line":98,"column":24}},"98":{"start":{"line":99,"column":0},"end":{"line":99,"column":27}},"100":{"start":{"line":101,"column":0},"end":{"line":101,"column":22}},"101":{"start":{"line":102,"column":0},"end":{"line":102,"column":50}},"102":{"start":{"line":103,"column":0},"end":{"line":103,"column":40}},"103":{"start":{"line":104,"column":0},"end":{"line":104,"column":5}},"104":{"start":{"line":105,"column":0},"end":{"line":105,"column":3}},"106":{"start":{"line":107,"column":0},"end":{"line":107,"column":26}},"107":{"start":{"line":108,"column":0},"end":{"line":108,"column":41}},"108":{"start":{"line":109,"column":0},"end":{"line":109,"column":75}},"109":{"start":{"line":110,"column":0},"end":{"line":110,"column":5}},"110":{"start":{"line":111,"column":0},"end":{"line":111,"column":3}},"112":{"start":{"line":113,"column":0},"end":{"line":113,"column":73}},"113":{"start":{"line":114,"column":0},"end":{"line":114,"column":46}},"114":{"start":{"line":115,"column":0},"end":{"line":115,"column":20}},"115":{"start":{"line":116,"column":0},"end":{"line":116,"column":23}},"116":{"start":{"line":117,"column":0},"end":{"line":117,"column":22}},"117":{"start":{"line":118,"column":0},"end":{"line":118,"column":5}},"118":{"start":{"line":119,"column":0},"end":{"line":119,"column":3}},"120":{"start":{"line":121,"column":0},"end":{"line":121,"column":73}},"121":{"start":{"line":122,"column":0},"end":{"line":122,"column":46}},"122":{"start":{"line":123,"column":0},"end":{"line":123,"column":20}},"123":{"start":{"line":124,"column":0},"end":{"line":124,"column":23}},"124":{"start":{"line":125,"column":0},"end":{"line":125,"column":22}},"125":{"start":{"line":126,"column":0},"end":{"line":126,"column":5}},"126":{"start":{"line":127,"column":0},"end":{"line":127,"column":3}},"128":{"start":{"line":129,"column":0},"end":{"line":129,"column":23}},"129":{"start":{"line":130,"column":0},"end":{"line":130,"column":77}},"130":{"start":{"line":131,"column":0},"end":{"line":131,"column":3}},"132":{"start":{"line":133,"column":0},"end":{"line":133,"column":24}},"133":{"start":{"line":134,"column":0},"end":{"line":134,"column":79}},"134":{"start":{"line":135,"column":0},"end":{"line":135,"column":3}},"136":{"start":{"line":137,"column":0},"end":{"line":137,"column":40}},"137":{"start":{"line":138,"column":0},"end":{"line":138,"column":50}},"138":{"start":{"line":139,"column":0},"end":{"line":139,"column":54}},"139":{"start":{"line":140,"column":0},"end":{"line":140,"column":5}},"140":{"start":{"line":141,"column":0},"end":{"line":141,"column":3}},"142":{"start":{"line":143,"column":0},"end":{"line":143,"column":37}},"143":{"start":{"line":144,"column":0},"end":{"line":144,"column":50}},"144":{"start":{"line":145,"column":0},"end":{"line":145,"column":45}},"145":{"start":{"line":146,"column":0},"end":{"line":146,"column":5}},"146":{"start":{"line":147,"column":0},"end":{"line":147,"column":3}},"148":{"start":{"line":149,"column":0},"end":{"line":149,"column":41}},"149":{"start":{"line":150,"column":0},"end":{"line":150,"column":50}},"150":{"start":{"line":151,"column":0},"end":{"line":151,"column":57}},"151":{"start":{"line":152,"column":0},"end":{"line":152,"column":5}},"152":{"start":{"line":153,"column":0},"end":{"line":153,"column":3}},"154":{"start":{"line":155,"column":0},"end":{"line":155,"column":41}},"155":{"start":{"line":156,"column":0},"end":{"line":156,"column":50}},"156":{"start":{"line":157,"column":0},"end":{"line":157,"column":57}},"157":{"start":{"line":158,"column":0},"end":{"line":158,"column":5}},"158":{"start":{"line":159,"column":0},"end":{"line":159,"column":3}},"160":{"start":{"line":161,"column":0},"end":{"line":161,"column":27}},"161":{"start":{"line":162,"column":0},"end":{"line":162,"column":41}},"162":{"start":{"line":163,"column":0},"end":{"line":163,"column":54}},"163":{"start":{"line":164,"column":0},"end":{"line":164,"column":5}},"164":{"start":{"line":165,"column":0},"end":{"line":165,"column":3}},"166":{"start":{"line":167,"column":0},"end":{"line":167,"column":22}},"167":{"start":{"line":168,"column":0},"end":{"line":168,"column":1}},"169":{"start":{"line":170,"column":0},"end":{"line":170,"column":46}},"170":{"start":{"line":171,"column":0},"end":{"line":171,"column":29}},"171":{"start":{"line":172,"column":0},"end":{"line":172,"column":37}},"172":{"start":{"line":173,"column":0},"end":{"line":173,"column":24}},"173":{"start":{"line":174,"column":0},"end":{"line":174,"column":27}},"175":{"start":{"line":176,"column":0},"end":{"line":176,"column":26}},"176":{"start":{"line":177,"column":0},"end":{"line":177,"column":49}},"177":{"start":{"line":178,"column":0},"end":{"line":178,"column":20}},"178":{"start":{"line":179,"column":0},"end":{"line":179,"column":23}},"179":{"start":{"line":180,"column":0},"end":{"line":180,"column":5}},"180":{"start":{"line":181,"column":0},"end":{"line":181,"column":3}},"182":{"start":{"line":183,"column":0},"end":{"line":183,"column":75}},"183":{"start":{"line":184,"column":0},"end":{"line":184,"column":46}},"184":{"start":{"line":185,"column":0},"end":{"line":185,"column":20}},"185":{"start":{"line":186,"column":0},"end":{"line":186,"column":24}},"186":{"start":{"line":187,"column":0},"end":{"line":187,"column":23}},"187":{"start":{"line":188,"column":0},"end":{"line":188,"column":5}},"188":{"start":{"line":189,"column":0},"end":{"line":189,"column":3}},"190":{"start":{"line":191,"column":0},"end":{"line":191,"column":75}},"191":{"start":{"line":192,"column":0},"end":{"line":192,"column":46}},"192":{"start":{"line":193,"column":0},"end":{"line":193,"column":20}},"193":{"start":{"line":194,"column":0},"end":{"line":194,"column":24}},"194":{"start":{"line":195,"column":0},"end":{"line":195,"column":23}},"195":{"start":{"line":196,"column":0},"end":{"line":196,"column":5}},"196":{"start":{"line":197,"column":0},"end":{"line":197,"column":3}},"198":{"start":{"line":199,"column":0},"end":{"line":199,"column":6}},"199":{"start":{"line":200,"column":0},"end":{"line":200,"column":41}},"200":{"start":{"line":201,"column":0},"end":{"line":201,"column":38}},"201":{"start":{"line":202,"column":0},"end":{"line":202,"column":5}},"202":{"start":{"line":203,"column":0},"end":{"line":203,"column":49}},"203":{"start":{"line":204,"column":0},"end":{"line":204,"column":20}},"204":{"start":{"line":205,"column":0},"end":{"line":205,"column":27}},"205":{"start":{"line":206,"column":0},"end":{"line":206,"column":26}},"206":{"start":{"line":207,"column":0},"end":{"line":207,"column":5}},"207":{"start":{"line":208,"column":0},"end":{"line":208,"column":3}},"209":{"start":{"line":210,"column":0},"end":{"line":210,"column":24}},"210":{"start":{"line":211,"column":0},"end":{"line":211,"column":78}},"211":{"start":{"line":212,"column":0},"end":{"line":212,"column":3}},"213":{"start":{"line":214,"column":0},"end":{"line":214,"column":25}},"214":{"start":{"line":215,"column":0},"end":{"line":215,"column":80}},"215":{"start":{"line":216,"column":0},"end":{"line":216,"column":3}},"217":{"start":{"line":218,"column":0},"end":{"line":218,"column":41}},"218":{"start":{"line":219,"column":0},"end":{"line":219,"column":50}},"219":{"start":{"line":220,"column":0},"end":{"line":220,"column":55}},"220":{"start":{"line":221,"column":0},"end":{"line":221,"column":5}},"221":{"start":{"line":222,"column":0},"end":{"line":222,"column":3}},"223":{"start":{"line":224,"column":0},"end":{"line":224,"column":38}},"224":{"start":{"line":225,"column":0},"end":{"line":225,"column":50}},"225":{"start":{"line":226,"column":0},"end":{"line":226,"column":46}},"226":{"start":{"line":227,"column":0},"end":{"line":227,"column":5}},"227":{"start":{"line":228,"column":0},"end":{"line":228,"column":3}},"229":{"start":{"line":230,"column":0},"end":{"line":230,"column":42}},"230":{"start":{"line":231,"column":0},"end":{"line":231,"column":50}},"231":{"start":{"line":232,"column":0},"end":{"line":232,"column":58}},"232":{"start":{"line":233,"column":0},"end":{"line":233,"column":5}},"233":{"start":{"line":234,"column":0},"end":{"line":234,"column":3}},"235":{"start":{"line":236,"column":0},"end":{"line":236,"column":42}},"236":{"start":{"line":237,"column":0},"end":{"line":237,"column":50}},"237":{"start":{"line":238,"column":0},"end":{"line":238,"column":58}},"238":{"start":{"line":239,"column":0},"end":{"line":239,"column":5}},"239":{"start":{"line":240,"column":0},"end":{"line":240,"column":3}},"241":{"start":{"line":242,"column":0},"end":{"line":242,"column":28}},"242":{"start":{"line":243,"column":0},"end":{"line":243,"column":41}},"243":{"start":{"line":244,"column":0},"end":{"line":244,"column":55}},"244":{"start":{"line":245,"column":0},"end":{"line":245,"column":5}},"245":{"start":{"line":246,"column":0},"end":{"line":246,"column":3}},"247":{"start":{"line":248,"column":0},"end":{"line":248,"column":22}},"248":{"start":{"line":249,"column":0},"end":{"line":249,"column":1}}},"s":{"35":5,"36":5,"37":5,"38":5,"39":5,"40":5,"42":4,"43":4,"44":4,"45":4,"46":4,"47":4,"48":10,"49":10,"50":6,"51":4,"52":4,"54":6,"55":6,"56":6,"57":6,"58":6,"59":6,"60":11,"61":11,"62":8,"63":6,"64":6,"66":2,"67":2,"68":2,"69":2,"70":2,"71":2,"72":6,"73":6,"74":3,"75":2,"76":2,"78":2,"79":2,"80":2,"81":2,"82":2,"83":6,"84":2,"85":2,"87":2,"88":2,"89":2,"90":2,"91":2,"92":2,"94":8,"95":8,"96":8,"97":8,"98":8,"100":8,"101":1,"102":3,"103":1,"104":1,"106":8,"107":2,"108":2,"109":2,"110":2,"112":8,"113":1,"114":1,"115":1,"116":1,"117":1,"118":1,"120":8,"121":0,"122":0,"123":0,"124":0,"125":0,"126":0,"128":8,"129":0,"130":0,"132":8,"133":0,"134":0,"136":8,"137":2,"138":4,"139":2,"140":2,"142":8,"143":1,"144":3,"145":1,"146":1,"148":8,"149":1,"150":3,"151":1,"152":1,"154":8,"155":1,"156":3,"157":1,"158":1,"160":8,"161":1,"162":1,"163":1,"164":1,"166":8,"167":8,"169":3,"170":3,"171":3,"172":3,"173":3,"175":3,"176":3,"177":3,"178":3,"179":3,"180":3,"182":3,"183":1,"184":1,"185":1,"186":1,"187":1,"188":1,"190":3,"191":2,"192":2,"193":2,"194":2,"195":2,"196":2,"198":3,"199":3,"200":3,"201":3,"202":0,"203":0,"204":0,"205":0,"206":0,"207":0,"209":3,"210":0,"211":0,"213":3,"214":0,"215":0,"217":3,"218":0,"219":0,"220":0,"221":0,"223":3,"224":0,"225":0,"226":0,"227":0,"229":3,"230":0,"231":0,"232":0,"233":0,"235":3,"236":0,"237":0,"238":0,"239":0,"241":3,"242":0,"243":0,"244":0,"245":0,"247":3,"248":3},"branchMap":{"0":{"type":"branch","line":36,"loc":{"start":{"line":36,"column":0},"end":{"line":41,"column":1}},"locations":[{"start":{"line":36,"column":0},"end":{"line":41,"column":1}}]},"1":{"type":"branch","line":40,"loc":{"start":{"line":40,"column":22},"end":{"line":40,"column":58}},"locations":[{"start":{"line":40,"column":22},"end":{"line":40,"column":58}}]},"2":{"type":"branch","line":43,"loc":{"start":{"line":43,"column":0},"end":{"line":53,"column":1}},"locations":[{"start":{"line":43,"column":0},"end":{"line":53,"column":1}}]},"3":{"type":"branch","line":48,"loc":{"start":{"line":48,"column":22},"end":{"line":52,"column":3}},"locations":[{"start":{"line":48,"column":22},"end":{"line":52,"column":3}}]},"4":{"type":"branch","line":49,"loc":{"start":{"line":49,"column":16},"end":{"line":49,"column":53}},"locations":[{"start":{"line":49,"column":16},"end":{"line":49,"column":53}}]},"5":{"type":"branch","line":49,"loc":{"start":{"line":49,"column":53},"end":{"line":49,"column":65}},"locations":[{"start":{"line":49,"column":53},"end":{"line":49,"column":65}}]},"6":{"type":"branch","line":49,"loc":{"start":{"line":49,"column":60},"end":{"line":50,"column":29}},"locations":[{"start":{"line":49,"column":60},"end":{"line":50,"column":29}}]},"7":{"type":"branch","line":50,"loc":{"start":{"line":50,"column":16},"end":{"line":50,"column":53}},"locations":[{"start":{"line":50,"column":16},"end":{"line":50,"column":53}}]},"8":{"type":"branch","line":50,"loc":{"start":{"line":50,"column":53},"end":{"line":50,"column":65}},"locations":[{"start":{"line":50,"column":53},"end":{"line":50,"column":65}}]},"9":{"type":"branch","line":50,"loc":{"start":{"line":50,"column":60},"end":{"line":51,"column":15}},"locations":[{"start":{"line":50,"column":60},"end":{"line":51,"column":15}}]},"10":{"type":"branch","line":55,"loc":{"start":{"line":55,"column":0},"end":{"line":65,"column":1}},"locations":[{"start":{"line":55,"column":0},"end":{"line":65,"column":1}}]},"11":{"type":"branch","line":60,"loc":{"start":{"line":60,"column":22},"end":{"line":64,"column":3}},"locations":[{"start":{"line":60,"column":22},"end":{"line":64,"column":3}}]},"12":{"type":"branch","line":61,"loc":{"start":{"line":61,"column":16},"end":{"line":61,"column":58}},"locations":[{"start":{"line":61,"column":16},"end":{"line":61,"column":58}}]},"13":{"type":"branch","line":61,"loc":{"start":{"line":61,"column":58},"end":{"line":61,"column":70}},"locations":[{"start":{"line":61,"column":58},"end":{"line":61,"column":70}}]},"14":{"type":"branch","line":61,"loc":{"start":{"line":61,"column":65},"end":{"line":62,"column":29}},"locations":[{"start":{"line":61,"column":65},"end":{"line":62,"column":29}}]},"15":{"type":"branch","line":62,"loc":{"start":{"line":62,"column":16},"end":{"line":62,"column":58}},"locations":[{"start":{"line":62,"column":16},"end":{"line":62,"column":58}}]},"16":{"type":"branch","line":62,"loc":{"start":{"line":62,"column":58},"end":{"line":62,"column":70}},"locations":[{"start":{"line":62,"column":58},"end":{"line":62,"column":70}}]},"17":{"type":"branch","line":62,"loc":{"start":{"line":62,"column":65},"end":{"line":63,"column":15}},"locations":[{"start":{"line":62,"column":65},"end":{"line":63,"column":15}}]},"18":{"type":"branch","line":67,"loc":{"start":{"line":67,"column":0},"end":{"line":77,"column":1}},"locations":[{"start":{"line":67,"column":0},"end":{"line":77,"column":1}}]},"19":{"type":"branch","line":72,"loc":{"start":{"line":72,"column":22},"end":{"line":76,"column":3}},"locations":[{"start":{"line":72,"column":22},"end":{"line":76,"column":3}}]},"20":{"type":"branch","line":73,"loc":{"start":{"line":73,"column":16},"end":{"line":73,"column":56}},"locations":[{"start":{"line":73,"column":16},"end":{"line":73,"column":56}}]},"21":{"type":"branch","line":73,"loc":{"start":{"line":73,"column":56},"end":{"line":73,"column":68}},"locations":[{"start":{"line":73,"column":56},"end":{"line":73,"column":68}}]},"22":{"type":"branch","line":73,"loc":{"start":{"line":73,"column":63},"end":{"line":74,"column":29}},"locations":[{"start":{"line":73,"column":63},"end":{"line":74,"column":29}}]},"23":{"type":"branch","line":74,"loc":{"start":{"line":74,"column":16},"end":{"line":74,"column":56}},"locations":[{"start":{"line":74,"column":16},"end":{"line":74,"column":56}}]},"24":{"type":"branch","line":74,"loc":{"start":{"line":74,"column":56},"end":{"line":74,"column":68}},"locations":[{"start":{"line":74,"column":56},"end":{"line":74,"column":68}}]},"25":{"type":"branch","line":74,"loc":{"start":{"line":74,"column":63},"end":{"line":75,"column":15}},"locations":[{"start":{"line":74,"column":63},"end":{"line":75,"column":15}}]},"26":{"type":"branch","line":79,"loc":{"start":{"line":79,"column":0},"end":{"line":86,"column":1}},"locations":[{"start":{"line":79,"column":0},"end":{"line":86,"column":1}}]},"27":{"type":"branch","line":83,"loc":{"start":{"line":83,"column":22},"end":{"line":84,"column":56}},"locations":[{"start":{"line":83,"column":22},"end":{"line":84,"column":56}}]},"28":{"type":"branch","line":84,"loc":{"start":{"line":84,"column":17},"end":{"line":84,"column":55}},"locations":[{"start":{"line":84,"column":17},"end":{"line":84,"column":55}}]},"29":{"type":"branch","line":88,"loc":{"start":{"line":88,"column":0},"end":{"line":93,"column":1}},"locations":[{"start":{"line":88,"column":0},"end":{"line":93,"column":1}}]},"30":{"type":"branch","line":92,"loc":{"start":{"line":92,"column":22},"end":{"line":92,"column":61}},"locations":[{"start":{"line":92,"column":22},"end":{"line":92,"column":61}}]},"31":{"type":"branch","line":92,"loc":{"start":{"line":92,"column":37},"end":{"line":92,"column":54}},"locations":[{"start":{"line":92,"column":37},"end":{"line":92,"column":54}}]},"32":{"type":"branch","line":95,"loc":{"start":{"line":95,"column":0},"end":{"line":168,"column":1}},"locations":[{"start":{"line":95,"column":0},"end":{"line":168,"column":1}}]},"33":{"type":"branch","line":101,"loc":{"start":{"line":101,"column":21},"end":{"line":105,"column":3}},"locations":[{"start":{"line":101,"column":21},"end":{"line":105,"column":3}}]},"34":{"type":"branch","line":107,"loc":{"start":{"line":107,"column":25},"end":{"line":111,"column":3}},"locations":[{"start":{"line":107,"column":25},"end":{"line":111,"column":3}}]},"35":{"type":"branch","line":113,"loc":{"start":{"line":113,"column":27},"end":{"line":113,"column":72}},"locations":[{"start":{"line":113,"column":27},"end":{"line":113,"column":72}}]},"36":{"type":"branch","line":113,"loc":{"start":{"line":113,"column":72},"end":{"line":119,"column":3}},"locations":[{"start":{"line":113,"column":72},"end":{"line":119,"column":3}}]},"37":{"type":"branch","line":121,"loc":{"start":{"line":121,"column":72},"end":{"line":127,"column":3}},"locations":[{"start":{"line":121,"column":72},"end":{"line":127,"column":3}}]},"38":{"type":"branch","line":129,"loc":{"start":{"line":129,"column":22},"end":{"line":131,"column":3}},"locations":[{"start":{"line":129,"column":22},"end":{"line":131,"column":3}}]},"39":{"type":"branch","line":133,"loc":{"start":{"line":133,"column":23},"end":{"line":135,"column":3}},"locations":[{"start":{"line":133,"column":23},"end":{"line":135,"column":3}}]},"40":{"type":"branch","line":137,"loc":{"start":{"line":137,"column":39},"end":{"line":141,"column":3}},"locations":[{"start":{"line":137,"column":39},"end":{"line":141,"column":3}}]},"41":{"type":"branch","line":143,"loc":{"start":{"line":143,"column":36},"end":{"line":147,"column":3}},"locations":[{"start":{"line":143,"column":36},"end":{"line":147,"column":3}}]},"42":{"type":"branch","line":149,"loc":{"start":{"line":149,"column":40},"end":{"line":153,"column":3}},"locations":[{"start":{"line":149,"column":40},"end":{"line":153,"column":3}}]},"43":{"type":"branch","line":155,"loc":{"start":{"line":155,"column":40},"end":{"line":159,"column":3}},"locations":[{"start":{"line":155,"column":40},"end":{"line":159,"column":3}}]},"44":{"type":"branch","line":161,"loc":{"start":{"line":161,"column":26},"end":{"line":165,"column":3}},"locations":[{"start":{"line":161,"column":26},"end":{"line":165,"column":3}}]},"45":{"type":"branch","line":102,"loc":{"start":{"line":102,"column":41},"end":{"line":103,"column":40}},"locations":[{"start":{"line":102,"column":41},"end":{"line":103,"column":40}}]},"46":{"type":"branch","line":109,"loc":{"start":{"line":109,"column":6},"end":{"line":109,"column":75}},"locations":[{"start":{"line":109,"column":6},"end":{"line":109,"column":75}}]},"47":{"type":"branch","line":109,"loc":{"start":{"line":109,"column":21},"end":{"line":109,"column":75}},"locations":[{"start":{"line":109,"column":21},"end":{"line":109,"column":75}}]},"48":{"type":"branch","line":138,"loc":{"start":{"line":138,"column":41},"end":{"line":139,"column":54}},"locations":[{"start":{"line":138,"column":41},"end":{"line":139,"column":54}}]},"49":{"type":"branch","line":139,"loc":{"start":{"line":139,"column":14},"end":{"line":139,"column":41}},"locations":[{"start":{"line":139,"column":14},"end":{"line":139,"column":41}}]},"50":{"type":"branch","line":139,"loc":{"start":{"line":139,"column":31},"end":{"line":139,"column":54}},"locations":[{"start":{"line":139,"column":31},"end":{"line":139,"column":54}}]},"51":{"type":"branch","line":144,"loc":{"start":{"line":144,"column":41},"end":{"line":145,"column":45}},"locations":[{"start":{"line":144,"column":41},"end":{"line":145,"column":45}}]},"52":{"type":"branch","line":145,"loc":{"start":{"line":145,"column":14},"end":{"line":145,"column":35}},"locations":[{"start":{"line":145,"column":14},"end":{"line":145,"column":35}}]},"53":{"type":"branch","line":150,"loc":{"start":{"line":150,"column":41},"end":{"line":151,"column":57}},"locations":[{"start":{"line":150,"column":41},"end":{"line":151,"column":57}}]},"54":{"type":"branch","line":151,"loc":{"start":{"line":151,"column":14},"end":{"line":151,"column":43}},"locations":[{"start":{"line":151,"column":14},"end":{"line":151,"column":43}}]},"55":{"type":"branch","line":156,"loc":{"start":{"line":156,"column":41},"end":{"line":157,"column":57}},"locations":[{"start":{"line":156,"column":41},"end":{"line":157,"column":57}}]},"56":{"type":"branch","line":157,"loc":{"start":{"line":157,"column":32},"end":{"line":157,"column":57}},"locations":[{"start":{"line":157,"column":32},"end":{"line":157,"column":57}}]},"57":{"type":"branch","line":163,"loc":{"start":{"line":163,"column":6},"end":{"line":163,"column":54}},"locations":[{"start":{"line":163,"column":6},"end":{"line":163,"column":54}}]},"58":{"type":"branch","line":170,"loc":{"start":{"line":170,"column":0},"end":{"line":249,"column":1}},"locations":[{"start":{"line":170,"column":0},"end":{"line":249,"column":1}}]},"59":{"type":"branch","line":183,"loc":{"start":{"line":183,"column":28},"end":{"line":183,"column":74}},"locations":[{"start":{"line":183,"column":28},"end":{"line":183,"column":74}}]},"60":{"type":"branch","line":183,"loc":{"start":{"line":183,"column":74},"end":{"line":189,"column":3}},"locations":[{"start":{"line":183,"column":74},"end":{"line":189,"column":3}}]},"61":{"type":"branch","line":191,"loc":{"start":{"line":191,"column":28},"end":{"line":191,"column":74}},"locations":[{"start":{"line":191,"column":28},"end":{"line":191,"column":74}}]},"62":{"type":"branch","line":191,"loc":{"start":{"line":191,"column":74},"end":{"line":197,"column":3}},"locations":[{"start":{"line":191,"column":74},"end":{"line":197,"column":3}}]},"63":{"type":"branch","line":202,"loc":{"start":{"line":202,"column":4},"end":{"line":208,"column":3}},"locations":[{"start":{"line":202,"column":4},"end":{"line":208,"column":3}}]},"64":{"type":"branch","line":210,"loc":{"start":{"line":210,"column":23},"end":{"line":212,"column":3}},"locations":[{"start":{"line":210,"column":23},"end":{"line":212,"column":3}}]},"65":{"type":"branch","line":214,"loc":{"start":{"line":214,"column":24},"end":{"line":216,"column":3}},"locations":[{"start":{"line":214,"column":24},"end":{"line":216,"column":3}}]},"66":{"type":"branch","line":218,"loc":{"start":{"line":218,"column":40},"end":{"line":222,"column":3}},"locations":[{"start":{"line":218,"column":40},"end":{"line":222,"column":3}}]},"67":{"type":"branch","line":224,"loc":{"start":{"line":224,"column":37},"end":{"line":228,"column":3}},"locations":[{"start":{"line":224,"column":37},"end":{"line":228,"column":3}}]},"68":{"type":"branch","line":230,"loc":{"start":{"line":230,"column":41},"end":{"line":234,"column":3}},"locations":[{"start":{"line":230,"column":41},"end":{"line":234,"column":3}}]},"69":{"type":"branch","line":236,"loc":{"start":{"line":236,"column":41},"end":{"line":240,"column":3}},"locations":[{"start":{"line":236,"column":41},"end":{"line":240,"column":3}}]},"70":{"type":"branch","line":242,"loc":{"start":{"line":242,"column":27},"end":{"line":246,"column":3}},"locations":[{"start":{"line":242,"column":27},"end":{"line":246,"column":3}}]}},"b":{"0":[5],"1":[15],"2":[4],"3":[10],"4":[7],"5":[3],"6":[7],"7":[4],"8":[1],"9":[6],"10":[6],"11":[11],"12":[7],"13":[2],"14":[9],"15":[6],"16":[1],"17":[8],"18":[2],"19":[6],"20":[3],"21":[2],"22":[4],"23":[3],"24":[1],"25":[3],"26":[2],"27":[6],"28":[7],"29":[2],"30":[6],"31":[4],"32":[8],"33":[1],"34":[2],"35":[7],"36":[1],"37":[0],"38":[0],"39":[0],"40":[2],"41":[1],"42":[1],"43":[1],"44":[1],"45":[3],"46":[6],"47":[4],"48":[4],"49":[3],"50":[1],"51":[3],"52":[0],"53":[3],"54":[0],"55":[3],"56":[0],"57":[3],"58":[3],"59":[2],"60":[1],"61":[2],"62":[2],"63":[0],"64":[0],"65":[0],"66":[0],"67":[0],"68":[0],"69":[0],"70":[0]},"fnMap":{"0":{"name":"filterRepositoriesByLanguage","decl":{"start":{"line":36,"column":0},"end":{"line":41,"column":1}},"loc":{"start":{"line":36,"column":0},"end":{"line":41,"column":1}},"line":36},"1":{"name":"filterRepositoriesByForks","decl":{"start":{"line":43,"column":0},"end":{"line":53,"column":1}},"loc":{"start":{"line":43,"column":0},"end":{"line":53,"column":1}},"line":43},"2":{"name":"filterRepositoriesByStars","decl":{"start":{"line":55,"column":0},"end":{"line":65,"column":1}},"loc":{"start":{"line":55,"column":0},"end":{"line":65,"column":1}},"line":55},"3":{"name":"filterRepositoriesByWatchers","decl":{"start":{"line":67,"column":0},"end":{"line":77,"column":1}},"loc":{"start":{"line":67,"column":0},"end":{"line":77,"column":1}},"line":67},"4":{"name":"filterRepositoriesByTopics","decl":{"start":{"line":79,"column":0},"end":{"line":86,"column":1}},"loc":{"start":{"line":79,"column":0},"end":{"line":86,"column":1}},"line":79},"5":{"name":"filterRepositoriesByLicense","decl":{"start":{"line":88,"column":0},"end":{"line":93,"column":1}},"loc":{"start":{"line":88,"column":0},"end":{"line":93,"column":1}},"line":88},"6":{"name":"filterRepositories","decl":{"start":{"line":95,"column":0},"end":{"line":168,"column":1}},"loc":{"start":{"line":95,"column":0},"end":{"line":168,"column":1}},"line":95},"7":{"name":"filterRepositoriesByAdvancedCriteria","decl":{"start":{"line":170,"column":0},"end":{"line":249,"column":1}},"loc":{"start":{"line":170,"column":0},"end":{"line":249,"column":1}},"line":170}},"f":{"0":5,"1":4,"2":6,"3":2,"4":2,"5":2,"6":8,"7":3}}
,"/Users/stoetenremco/projects/github-api-serviec/src/filters/user-filters.ts": {"path":"/Users/stoetenremco/projects/github-api-serviec/src/filters/user-filters.ts","all":false,"statementMap":{"19":{"start":{"line":20,"column":0},"end":{"line":20,"column":27}},"20":{"start":{"line":21,"column":0},"end":{"line":21,"column":23}},"21":{"start":{"line":22,"column":0},"end":{"line":22,"column":31}},"22":{"start":{"line":23,"column":0},"end":{"line":23,"column":18}},"23":{"start":{"line":24,"column":0},"end":{"line":24,"column":51}},"24":{"start":{"line":25,"column":0},"end":{"line":25,"column":1}},"26":{"start":{"line":27,"column":0},"end":{"line":27,"column":32}},"27":{"start":{"line":28,"column":0},"end":{"line":28,"column":23}},"28":{"start":{"line":29,"column":0},"end":{"line":29,"column":15}},"29":{"start":{"line":30,"column":0},"end":{"line":30,"column":14}},"30":{"start":{"line":31,"column":0},"end":{"line":31,"column":18}},"31":{"start":{"line":32,"column":0},"end":{"line":32,"column":33}},"32":{"start":{"line":33,"column":0},"end":{"line":33,"column":63}},"33":{"start":{"line":34,"column":0},"end":{"line":34,"column":63}},"34":{"start":{"line":35,"column":0},"end":{"line":35,"column":15}},"35":{"start":{"line":36,"column":0},"end":{"line":36,"column":4}},"36":{"start":{"line":37,"column":0},"end":{"line":37,"column":1}},"38":{"start":{"line":39,"column":0},"end":{"line":39,"column":34}},"39":{"start":{"line":40,"column":0},"end":{"line":40,"column":23}},"40":{"start":{"line":41,"column":0},"end":{"line":41,"column":15}},"41":{"start":{"line":42,"column":0},"end":{"line":42,"column":14}},"42":{"start":{"line":43,"column":0},"end":{"line":43,"column":18}},"43":{"start":{"line":44,"column":0},"end":{"line":44,"column":33}},"44":{"start":{"line":45,"column":0},"end":{"line":45,"column":66}},"45":{"start":{"line":46,"column":0},"end":{"line":46,"column":66}},"46":{"start":{"line":47,"column":0},"end":{"line":47,"column":15}},"47":{"start":{"line":48,"column":0},"end":{"line":48,"column":4}},"48":{"start":{"line":49,"column":0},"end":{"line":49,"column":1}},"50":{"start":{"line":51,"column":0},"end":{"line":51,"column":31}},"51":{"start":{"line":52,"column":0},"end":{"line":52,"column":23}},"52":{"start":{"line":53,"column":0},"end":{"line":53,"column":18}},"53":{"start":{"line":54,"column":0},"end":{"line":54,"column":18}},"54":{"start":{"line":55,"column":0},"end":{"line":55,"column":31}},"55":{"start":{"line":56,"column":0},"end":{"line":56,"column":65}},"56":{"start":{"line":57,"column":0},"end":{"line":57,"column":3}},"57":{"start":{"line":58,"column":0},"end":{"line":58,"column":1}},"59":{"start":{"line":60,"column":0},"end":{"line":60,"column":30}},"60":{"start":{"line":61,"column":0},"end":{"line":61,"column":23}},"61":{"start":{"line":62,"column":0},"end":{"line":62,"column":17}},"62":{"start":{"line":63,"column":0},"end":{"line":63,"column":18}},"63":{"start":{"line":64,"column":0},"end":{"line":64,"column":31}},"64":{"start":{"line":65,"column":0},"end":{"line":65,"column":63}},"65":{"start":{"line":66,"column":0},"end":{"line":66,"column":3}},"66":{"start":{"line":67,"column":0},"end":{"line":67,"column":1}},"68":{"start":{"line":69,"column":0},"end":{"line":69,"column":26}},"69":{"start":{"line":70,"column":0},"end":{"line":70,"column":20}},"70":{"start":{"line":71,"column":0},"end":{"line":71,"column":26}},"71":{"start":{"line":72,"column":0},"end":{"line":72,"column":25}},"72":{"start":{"line":73,"column":0},"end":{"line":73,"column":37}},"74":{"start":{"line":75,"column":0},"end":{"line":75,"column":27}},"75":{"start":{"line":76,"column":0},"end":{"line":76,"column":70}},"76":{"start":{"line":77,"column":0},"end":{"line":77,"column":3}},"78":{"start":{"line":79,"column":0},"end":{"line":79,"column":16}},"79":{"start":{"line":80,"column":0},"end":{"line":80,"column":43}},"80":{"start":{"line":81,"column":0},"end":{"line":81,"column":32}},"81":{"start":{"line":82,"column":0},"end":{"line":82,"column":24}},"82":{"start":{"line":83,"column":0},"end":{"line":83,"column":41}},"83":{"start":{"line":84,"column":0},"end":{"line":84,"column":7}},"84":{"start":{"line":85,"column":0},"end":{"line":85,"column":5}},"85":{"start":{"line":86,"column":0},"end":{"line":86,"column":17}},"86":{"start":{"line":87,"column":0},"end":{"line":87,"column":3}},"88":{"start":{"line":89,"column":0},"end":{"line":89,"column":16}},"89":{"start":{"line":90,"column":0},"end":{"line":90,"column":52}},"90":{"start":{"line":91,"column":0},"end":{"line":91,"column":32}},"91":{"start":{"line":92,"column":0},"end":{"line":92,"column":33}},"92":{"start":{"line":93,"column":0},"end":{"line":93,"column":5}},"93":{"start":{"line":94,"column":0},"end":{"line":94,"column":17}},"94":{"start":{"line":95,"column":0},"end":{"line":95,"column":3}},"96":{"start":{"line":97,"column":0},"end":{"line":97,"column":13}},"97":{"start":{"line":98,"column":0},"end":{"line":98,"column":1}},"99":{"start":{"line":100,"column":0},"end":{"line":100,"column":21}},"100":{"start":{"line":101,"column":0},"end":{"line":101,"column":23}},"101":{"start":{"line":102,"column":0},"end":{"line":102,"column":31}},"102":{"start":{"line":103,"column":0},"end":{"line":103,"column":18}},"103":{"start":{"line":104,"column":0},"end":{"line":104,"column":27}},"105":{"start":{"line":106,"column":0},"end":{"line":106,"column":22}},"106":{"start":{"line":107,"column":0},"end":{"line":107,"column":67}},"107":{"start":{"line":108,"column":0},"end":{"line":108,"column":3}},"109":{"start":{"line":110,"column":0},"end":{"line":110,"column":6}},"110":{"start":{"line":111,"column":0},"end":{"line":111,"column":42}},"111":{"start":{"line":112,"column":0},"end":{"line":112,"column":39}},"112":{"start":{"line":113,"column":0},"end":{"line":113,"column":5}},"113":{"start":{"line":114,"column":0},"end":{"line":114,"column":43}},"114":{"start":{"line":115,"column":0},"end":{"line":115,"column":20}},"115":{"start":{"line":116,"column":0},"end":{"line":116,"column":28}},"116":{"start":{"line":117,"column":0},"end":{"line":117,"column":27}},"117":{"start":{"line":118,"column":0},"end":{"line":118,"column":5}},"118":{"start":{"line":119,"column":0},"end":{"line":119,"column":3}},"120":{"start":{"line":121,"column":0},"end":{"line":121,"column":6}},"121":{"start":{"line":122,"column":0},"end":{"line":122,"column":44}},"122":{"start":{"line":123,"column":0},"end":{"line":123,"column":41}},"123":{"start":{"line":124,"column":0},"end":{"line":124,"column":5}},"124":{"start":{"line":125,"column":0},"end":{"line":125,"column":45}},"125":{"start":{"line":126,"column":0},"end":{"line":126,"column":20}},"126":{"start":{"line":127,"column":0},"end":{"line":127,"column":30}},"127":{"start":{"line":128,"column":0},"end":{"line":128,"column":29}},"128":{"start":{"line":129,"column":0},"end":{"line":129,"column":5}},"129":{"start":{"line":130,"column":0},"end":{"line":130,"column":3}},"131":{"start":{"line":132,"column":0},"end":{"line":132,"column":26}},"132":{"start":{"line":133,"column":0},"end":{"line":133,"column":75}},"133":{"start":{"line":134,"column":0},"end":{"line":134,"column":3}},"135":{"start":{"line":136,"column":0},"end":{"line":136,"column":25}},"136":{"start":{"line":137,"column":0},"end":{"line":137,"column":73}},"137":{"start":{"line":138,"column":0},"end":{"line":138,"column":3}},"139":{"start":{"line":140,"column":0},"end":{"line":140,"column":38}},"140":{"start":{"line":141,"column":0},"end":{"line":141,"column":50}},"141":{"start":{"line":142,"column":0},"end":{"line":142,"column":61}},"142":{"start":{"line":143,"column":0},"end":{"line":143,"column":5}},"143":{"start":{"line":144,"column":0},"end":{"line":144,"column":3}},"145":{"start":{"line":146,"column":0},"end":{"line":146,"column":40}},"146":{"start":{"line":147,"column":0},"end":{"line":147,"column":50}},"147":{"start":{"line":148,"column":0},"end":{"line":148,"column":67}},"148":{"start":{"line":149,"column":0},"end":{"line":149,"column":5}},"149":{"start":{"line":150,"column":0},"end":{"line":150,"column":3}},"151":{"start":{"line":152,"column":0},"end":{"line":152,"column":22}},"152":{"start":{"line":153,"column":0},"end":{"line":153,"column":1}}},"s":{"19":5,"20":5,"21":5,"22":5,"23":5,"24":5,"26":6,"27":6,"28":6,"29":6,"30":6,"31":6,"32":16,"33":16,"34":7,"35":6,"36":6,"38":4,"39":4,"40":4,"41":4,"42":4,"43":4,"44":12,"45":12,"46":7,"47":4,"48":4,"50":4,"51":4,"52":4,"53":4,"54":4,"55":12,"56":4,"57":4,"59":4,"60":4,"61":4,"62":4,"63":4,"64":12,"65":4,"66":4,"68":4,"69":4,"70":4,"71":4,"72":4,"74":4,"75":1,"76":1,"78":4,"79":1,"80":1,"81":3,"82":3,"83":3,"84":3,"85":1,"86":1,"88":4,"89":1,"90":1,"91":2,"92":2,"93":1,"94":1,"96":1,"97":1,"99":11,"100":11,"101":11,"102":11,"103":11,"105":11,"106":3,"107":3,"109":11,"110":11,"111":8,"112":11,"113":3,"114":3,"115":3,"116":3,"117":3,"118":3,"120":11,"121":11,"122":10,"123":11,"124":1,"125":1,"126":1,"127":1,"128":1,"129":1,"131":11,"132":1,"133":1,"135":11,"136":1,"137":1,"139":11,"140":2,"141":6,"142":2,"143":2,"145":11,"146":3,"147":7,"148":3,"149":3,"151":11,"152":11},"branchMap":{"0":{"type":"branch","line":20,"loc":{"start":{"line":20,"column":0},"end":{"line":25,"column":1}},"locations":[{"start":{"line":20,"column":0},"end":{"line":25,"column":1}}]},"1":{"type":"branch","line":24,"loc":{"start":{"line":24,"column":22},"end":{"line":24,"column":50}},"locations":[{"start":{"line":24,"column":22},"end":{"line":24,"column":50}}]},"2":{"type":"branch","line":27,"loc":{"start":{"line":27,"column":0},"end":{"line":37,"column":1}},"locations":[{"start":{"line":27,"column":0},"end":{"line":37,"column":1}}]},"3":{"type":"branch","line":32,"loc":{"start":{"line":32,"column":22},"end":{"line":36,"column":3}},"locations":[{"start":{"line":32,"column":22},"end":{"line":36,"column":3}}]},"4":{"type":"branch","line":33,"loc":{"start":{"line":33,"column":16},"end":{"line":33,"column":51}},"locations":[{"start":{"line":33,"column":16},"end":{"line":33,"column":51}}]},"5":{"type":"branch","line":33,"loc":{"start":{"line":33,"column":51},"end":{"line":33,"column":63}},"locations":[{"start":{"line":33,"column":51},"end":{"line":33,"column":63}}]},"6":{"type":"branch","line":33,"loc":{"start":{"line":33,"column":58},"end":{"line":34,"column":29}},"locations":[{"start":{"line":33,"column":58},"end":{"line":34,"column":29}}]},"7":{"type":"branch","line":34,"loc":{"start":{"line":34,"column":16},"end":{"line":34,"column":51}},"locations":[{"start":{"line":34,"column":16},"end":{"line":34,"column":51}}]},"8":{"type":"branch","line":34,"loc":{"start":{"line":34,"column":51},"end":{"line":34,"column":63}},"locations":[{"start":{"line":34,"column":51},"end":{"line":34,"column":63}}]},"9":{"type":"branch","line":34,"loc":{"start":{"line":34,"column":58},"end":{"line":35,"column":15}},"locations":[{"start":{"line":34,"column":58},"end":{"line":35,"column":15}}]},"10":{"type":"branch","line":39,"loc":{"start":{"line":39,"column":0},"end":{"line":49,"column":1}},"locations":[{"start":{"line":39,"column":0},"end":{"line":49,"column":1}}]},"11":{"type":"branch","line":44,"loc":{"start":{"line":44,"column":22},"end":{"line":48,"column":3}},"locations":[{"start":{"line":44,"column":22},"end":{"line":48,"column":3}}]},"12":{"type":"branch","line":45,"loc":{"start":{"line":45,"column":16},"end":{"line":45,"column":54}},"locations":[{"start":{"line":45,"column":16},"end":{"line":45,"column":54}}]},"13":{"type":"branch","line":45,"loc":{"start":{"line":45,"column":54},"end":{"line":45,"column":66}},"locations":[{"start":{"line":45,"column":54},"end":{"line":45,"column":66}}]},"14":{"type":"branch","line":45,"loc":{"start":{"line":45,"column":61},"end":{"line":46,"column":29}},"locations":[{"start":{"line":45,"column":61},"end":{"line":46,"column":29}}]},"15":{"type":"branch","line":46,"loc":{"start":{"line":46,"column":16},"end":{"line":46,"column":54}},"locations":[{"start":{"line":46,"column":16},"end":{"line":46,"column":54}}]},"16":{"type":"branch","line":46,"loc":{"start":{"line":46,"column":54},"end":{"line":46,"column":66}},"locations":[{"start":{"line":46,"column":54},"end":{"line":46,"column":66}}]},"17":{"type":"branch","line":46,"loc":{"start":{"line":46,"column":61},"end":{"line":47,"column":15}},"locations":[{"start":{"line":46,"column":61},"end":{"line":47,"column":15}}]},"18":{"type":"branch","line":51,"loc":{"start":{"line":51,"column":0},"end":{"line":58,"column":1}},"locations":[{"start":{"line":51,"column":0},"end":{"line":58,"column":1}}]},"19":{"type":"branch","line":55,"loc":{"start":{"line":55,"column":22},"end":{"line":56,"column":65}},"locations":[{"start":{"line":55,"column":22},"end":{"line":56,"column":65}}]},"20":{"type":"branch","line":60,"loc":{"start":{"line":60,"column":0},"end":{"line":67,"column":1}},"locations":[{"start":{"line":60,"column":0},"end":{"line":67,"column":1}}]},"21":{"type":"branch","line":64,"loc":{"start":{"line":64,"column":22},"end":{"line":65,"column":63}},"locations":[{"start":{"line":64,"column":22},"end":{"line":65,"column":63}}]},"22":{"type":"branch","line":65,"loc":{"start":{"line":65,"column":9},"end":{"line":65,"column":30}},"locations":[{"start":{"line":65,"column":9},"end":{"line":65,"column":30}}]},"23":{"type":"branch","line":69,"loc":{"start":{"line":69,"column":0},"end":{"line":98,"column":1}},"locations":[{"start":{"line":69,"column":0},"end":{"line":98,"column":1}}]},"24":{"type":"branch","line":75,"loc":{"start":{"line":75,"column":6},"end":{"line":75,"column":26}},"locations":[{"start":{"line":75,"column":6},"end":{"line":75,"column":26}}]},"25":{"type":"branch","line":75,"loc":{"start":{"line":75,"column":26},"end":{"line":77,"column":3}},"locations":[{"start":{"line":75,"column":26},"end":{"line":77,"column":3}}]},"26":{"type":"branch","line":77,"loc":{"start":{"line":77,"column":2},"end":{"line":79,"column":15}},"locations":[{"start":{"line":77,"column":2},"end":{"line":79,"column":15}}]},"27":{"type":"branch","line":79,"loc":{"start":{"line":79,"column":15},"end":{"line":87,"column":3}},"locations":[{"start":{"line":79,"column":15},"end":{"line":87,"column":3}}]},"28":{"type":"branch","line":81,"loc":{"start":{"line":81,"column":31},"end":{"line":85,"column":5}},"locations":[{"start":{"line":81,"column":31},"end":{"line":85,"column":5}}]},"29":{"type":"branch","line":87,"loc":{"start":{"line":87,"column":2},"end":{"line":89,"column":15}},"locations":[{"start":{"line":87,"column":2},"end":{"line":89,"column":15}}]},"30":{"type":"branch","line":89,"loc":{"start":{"line":89,"column":15},"end":{"line":98,"column":1}},"locations":[{"start":{"line":89,"column":15},"end":{"line":98,"column":1}}]},"31":{"type":"branch","line":91,"loc":{"start":{"line":91,"column":31},"end":{"line":93,"column":5}},"locations":[{"start":{"line":91,"column":31},"end":{"line":93,"column":5}}]},"32":{"type":"branch","line":100,"loc":{"start":{"line":100,"column":0},"end":{"line":153,"column":1}},"locations":[{"start":{"line":100,"column":0},"end":{"line":153,"column":1}}]},"33":{"type":"branch","line":106,"loc":{"start":{"line":106,"column":21},"end":{"line":108,"column":3}},"locations":[{"start":{"line":106,"column":21},"end":{"line":108,"column":3}}]},"34":{"type":"branch","line":111,"loc":{"start":{"line":111,"column":30},"end":{"line":112,"column":39}},"locations":[{"start":{"line":111,"column":30},"end":{"line":112,"column":39}}]},"35":{"type":"branch","line":113,"loc":{"start":{"line":113,"column":4},"end":{"line":119,"column":3}},"locations":[{"start":{"line":113,"column":4},"end":{"line":119,"column":3}}]},"36":{"type":"branch","line":122,"loc":{"start":{"line":122,"column":32},"end":{"line":123,"column":41}},"locations":[{"start":{"line":122,"column":32},"end":{"line":123,"column":41}}]},"37":{"type":"branch","line":124,"loc":{"start":{"line":124,"column":4},"end":{"line":130,"column":3}},"locations":[{"start":{"line":124,"column":4},"end":{"line":130,"column":3}}]},"38":{"type":"branch","line":132,"loc":{"start":{"line":132,"column":25},"end":{"line":134,"column":3}},"locations":[{"start":{"line":132,"column":25},"end":{"line":134,"column":3}}]},"39":{"type":"branch","line":136,"loc":{"start":{"line":136,"column":24},"end":{"line":138,"column":3}},"locations":[{"start":{"line":136,"column":24},"end":{"line":138,"column":3}}]},"40":{"type":"branch","line":140,"loc":{"start":{"line":140,"column":37},"end":{"line":144,"column":3}},"locations":[{"start":{"line":140,"column":37},"end":{"line":144,"column":3}}]},"41":{"type":"branch","line":146,"loc":{"start":{"line":146,"column":39},"end":{"line":150,"column":3}},"locations":[{"start":{"line":146,"column":39},"end":{"line":150,"column":3}}]},"42":{"type":"branch","line":141,"loc":{"start":{"line":141,"column":41},"end":{"line":142,"column":61}},"locations":[{"start":{"line":141,"column":41},"end":{"line":142,"column":61}}]},"43":{"type":"branch","line":142,"loc":{"start":{"line":142,"column":15},"end":{"line":142,"column":44}},"locations":[{"start":{"line":142,"column":15},"end":{"line":142,"column":44}}]},"44":{"type":"branch","line":142,"loc":{"start":{"line":142,"column":37},"end":{"line":142,"column":61}},"locations":[{"start":{"line":142,"column":37},"end":{"line":142,"column":61}}]},"45":{"type":"branch","line":147,"loc":{"start":{"line":147,"column":41},"end":{"line":148,"column":67}},"locations":[{"start":{"line":147,"column":41},"end":{"line":148,"column":67}}]},"46":{"type":"branch","line":148,"loc":{"start":{"line":148,"column":15},"end":{"line":148,"column":48}},"locations":[{"start":{"line":148,"column":15},"end":{"line":148,"column":48}}]},"47":{"type":"branch","line":148,"loc":{"start":{"line":148,"column":41},"end":{"line":148,"column":67}},"locations":[{"start":{"line":148,"column":41},"end":{"line":148,"column":67}}]}},"b":{"0":[5],"1":[15],"2":[6],"3":[16],"4":[13],"5":[6],"6":[10],"7":[7],"8":[3],"9":[7],"10":[4],"11":[12],"12":[9],"13":[3],"14":[9],"15":[5],"16":[2],"17":[7],"18":[4],"19":[12],"20":[4],"21":[12],"22":[8],"23":[4],"24":[2],"25":[1],"26":[3],"27":[1],"28":[3],"29":[2],"30":[1],"31":[2],"32":[11],"33":[3],"34":[8],"35":[3],"36":[10],"37":[1],"38":[1],"39":[1],"40":[2],"41":[3],"42":[6],"43":[3],"44":[3],"45":[7],"46":[4],"47":[3]},"fnMap":{"0":{"name":"filterUsersByType","decl":{"start":{"line":20,"column":0},"end":{"line":25,"column":1}},"loc":{"start":{"line":20,"column":0},"end":{"line":25,"column":1}},"line":20},"1":{"name":"filterUsersByFollowers","decl":{"start":{"line":27,"column":0},"end":{"line":37,"column":1}},"loc":{"start":{"line":27,"column":0},"end":{"line":37,"column":1}},"line":27},"2":{"name":"filterUsersByPublicRepos","decl":{"start":{"line":39,"column":0},"end":{"line":49,"column":1}},"loc":{"start":{"line":39,"column":0},"end":{"line":49,"column":1}},"line":39},"3":{"name":"filterUsersByLocation","decl":{"start":{"line":51,"column":0},"end":{"line":58,"column":1}},"loc":{"start":{"line":51,"column":0},"end":{"line":58,"column":1}},"line":51},"4":{"name":"filterUsersByCompany","decl":{"start":{"line":60,"column":0},"end":{"line":67,"column":1}},"loc":{"start":{"line":60,"column":0},"end":{"line":67,"column":1}},"line":60},"5":{"name":"filterUserFields","decl":{"start":{"line":69,"column":0},"end":{"line":98,"column":1}},"loc":{"start":{"line":69,"column":0},"end":{"line":98,"column":1}},"line":69},"6":{"name":"filterUsers","decl":{"start":{"line":100,"column":0},"end":{"line":153,"column":1}},"loc":{"start":{"line":100,"column":0},"end":{"line":153,"column":1}},"line":100}},"f":{"0":5,"1":6,"2":4,"3":4,"4":4,"5":4,"6":11}}
,"/Users/stoetenremco/projects/github-api-serviec/src/services/cache-service.ts": {"path":"/Users/stoetenremco/projects/github-api-serviec/src/services/cache-service.ts","all":true,"statementMap":{"7":{"start":{"line":8,"column":0},"end":{"line":8,"column":44}},"8":{"start":{"line":9,"column":0},"end":{"line":9,"column":61}},"10":{"start":{"line":11,"column":0},"end":{"line":11,"column":68}},"11":{"start":{"line":12,"column":0},"end":{"line":12,"column":38}},"12":{"start":{"line":13,"column":0},"end":{"line":13,"column":22}},"13":{"start":{"line":14,"column":0},"end":{"line":14,"column":41}},"14":{"start":{"line":15,"column":0},"end":{"line":15,"column":3}},"16":{"start":{"line":17,"column":0},"end":{"line":17,"column":38}},"17":{"start":{"line":18,"column":0},"end":{"line":18,"column":21}},"18":{"start":{"line":19,"column":0},"end":{"line":19,"column":11}},"20":{"start":{"line":21,"column":0},"end":{"line":21,"column":37}},"21":{"start":{"line":22,"column":0},"end":{"line":22,"column":1}},"23":{"start":{"line":24,"column":0},"end":{"line":24,"column":41}},"24":{"start":{"line":25,"column":0},"end":{"line":25,"column":30}},"25":{"start":{"line":26,"column":0},"end":{"line":26,"column":39}},"26":{"start":{"line":27,"column":0},"end":{"line":27,"column":1}},"28":{"start":{"line":29,"column":0},"end":{"line":29,"column":20}},"29":{"start":{"line":30,"column":0},"end":{"line":30,"column":23}},"30":{"start":{"line":31,"column":0},"end":{"line":31,"column":46}},"31":{"start":{"line":32,"column":0},"end":{"line":32,"column":16}},"32":{"start":{"line":33,"column":0},"end":{"line":33,"column":52}},"33":{"start":{"line":34,"column":0},"end":{"line":34,"column":37}},"34":{"start":{"line":35,"column":0},"end":{"line":35,"column":36}},"36":{"start":{"line":37,"column":0},"end":{"line":37,"column":35}},"37":{"start":{"line":38,"column":0},"end":{"line":38,"column":28}},"38":{"start":{"line":39,"column":0},"end":{"line":39,"column":5}},"40":{"start":{"line":41,"column":0},"end":{"line":41,"column":41}},"41":{"start":{"line":42,"column":0},"end":{"line":42,"column":58}},"42":{"start":{"line":43,"column":0},"end":{"line":43,"column":17}},"43":{"start":{"line":44,"column":0},"end":{"line":44,"column":3}},"44":{"start":{"line":45,"column":0},"end":{"line":45,"column":1}}},"s":{"7":0,"8":0,"10":0,"11":0,"12":0,"13":0,"14":0,"16":0,"17":0,"18":0,"20":0,"21":0,"23":0,"24":0,"25":0,"26":0,"28":0,"29":0,"30":0,"31":0,"32":0,"33":0,"34":0,"36":0,"37":0,"38":0,"40":0,"41":0,"42":0,"43":0,"44":0},"branchMap":{"0":{"type":"branch","line":1,"loc":{"start":{"line":1,"column":1114},"end":{"line":47,"column":38}},"locations":[{"start":{"line":1,"column":1114},"end":{"line":47,"column":38}}]}},"b":{"0":[1]},"fnMap":{"0":{"name":"(empty-report)","decl":{"start":{"line":1,"column":1114},"end":{"line":47,"column":38}},"loc":{"start":{"line":1,"column":1114},"end":{"line":47,"column":38}},"line":1}},"f":{"0":1}}
,"/Users/stoetenremco/projects/github-api-serviec/src/services/http-client.ts": {"path":"/Users/stoetenremco/projects/github-api-serviec/src/services/http-client.ts","all":true,"statementMap":{"20":{"start":{"line":21,"column":0},"end":{"line":21,"column":70}},"21":{"start":{"line":22,"column":0},"end":{"line":22,"column":42}},"22":{"start":{"line":23,"column":0},"end":{"line":23,"column":37}},"24":{"start":{"line":25,"column":0},"end":{"line":25,"column":29}},"25":{"start":{"line":26,"column":0},"end":{"line":26,"column":35}},"26":{"start":{"line":27,"column":0},"end":{"line":27,"column":38}},"28":{"start":{"line":29,"column":0},"end":{"line":29,"column":57}},"29":{"start":{"line":30,"column":0},"end":{"line":30,"column":62}},"30":{"start":{"line":31,"column":0},"end":{"line":31,"column":21}},"31":{"start":{"line":32,"column":0},"end":{"line":32,"column":3}},"33":{"start":{"line":34,"column":0},"end":{"line":34,"column":14}},"34":{"start":{"line":35,"column":0},"end":{"line":35,"column":1}},"36":{"start":{"line":37,"column":0},"end":{"line":37,"column":54}},"37":{"start":{"line":38,"column":0},"end":{"line":38,"column":43}},"38":{"start":{"line":39,"column":0},"end":{"line":39,"column":45}},"39":{"start":{"line":40,"column":0},"end":{"line":40,"column":39}},"40":{"start":{"line":41,"column":0},"end":{"line":41,"column":3}},"42":{"start":{"line":43,"column":0},"end":{"line":43,"column":33}},"43":{"start":{"line":44,"column":0},"end":{"line":44,"column":67}},"44":{"start":{"line":45,"column":0},"end":{"line":45,"column":3}},"46":{"start":{"line":47,"column":0},"end":{"line":47,"column":16}},"47":{"start":{"line":48,"column":0},"end":{"line":48,"column":1}},"49":{"start":{"line":50,"column":0},"end":{"line":50,"column":40}},"50":{"start":{"line":51,"column":0},"end":{"line":51,"column":14}},"51":{"start":{"line":52,"column":0},"end":{"line":52,"column":42}},"52":{"start":{"line":53,"column":0},"end":{"line":53,"column":22}},"53":{"start":{"line":54,"column":0},"end":{"line":54,"column":30}},"54":{"start":{"line":55,"column":0},"end":{"line":55,"column":44}},"56":{"start":{"line":57,"column":0},"end":{"line":57,"column":14}},"57":{"start":{"line":58,"column":0},"end":{"line":58,"column":55}},"58":{"start":{"line":59,"column":0},"end":{"line":59,"column":45}},"59":{"start":{"line":60,"column":0},"end":{"line":60,"column":5}},"60":{"start":{"line":61,"column":0},"end":{"line":61,"column":3}},"62":{"start":{"line":63,"column":0},"end":{"line":63,"column":41}},"63":{"start":{"line":64,"column":0},"end":{"line":64,"column":41}},"64":{"start":{"line":65,"column":0},"end":{"line":65,"column":9}},"66":{"start":{"line":67,"column":0},"end":{"line":67,"column":41}},"67":{"start":{"line":68,"column":0},"end":{"line":68,"column":18}},"68":{"start":{"line":69,"column":0},"end":{"line":69,"column":33}},"69":{"start":{"line":70,"column":0},"end":{"line":70,"column":11}},"70":{"start":{"line":71,"column":0},"end":{"line":71,"column":4}},"72":{"start":{"line":73,"column":0},"end":{"line":73,"column":21}},"73":{"start":{"line":74,"column":0},"end":{"line":74,"column":76}},"74":{"start":{"line":75,"column":0},"end":{"line":75,"column":3}},"76":{"start":{"line":77,"column":0},"end":{"line":77,"column":36}},"78":{"start":{"line":79,"column":0},"end":{"line":79,"column":10}},"79":{"start":{"line":80,"column":0},"end":{"line":80,"column":9}},"80":{"start":{"line":81,"column":0},"end":{"line":81,"column":28}},"81":{"start":{"line":82,"column":0},"end":{"line":82,"column":36}},"82":{"start":{"line":83,"column":0},"end":{"line":83,"column":60}},"83":{"start":{"line":84,"column":0},"end":{"line":84,"column":3}},"84":{"start":{"line":85,"column":0},"end":{"line":85,"column":1}},"86":{"start":{"line":87,"column":0},"end":{"line":87,"column":54}},"87":{"start":{"line":88,"column":0},"end":{"line":88,"column":14}},"88":{"start":{"line":89,"column":0},"end":{"line":89,"column":42}},"89":{"start":{"line":90,"column":0},"end":{"line":90,"column":22}},"90":{"start":{"line":91,"column":0},"end":{"line":91,"column":35}},"91":{"start":{"line":92,"column":0},"end":{"line":92,"column":44}},"93":{"start":{"line":94,"column":0},"end":{"line":94,"column":14}},"94":{"start":{"line":95,"column":0},"end":{"line":95,"column":55}},"95":{"start":{"line":96,"column":0},"end":{"line":96,"column":45}},"96":{"start":{"line":97,"column":0},"end":{"line":97,"column":5}},"97":{"start":{"line":98,"column":0},"end":{"line":98,"column":3}},"99":{"start":{"line":100,"column":0},"end":{"line":100,"column":41}},"100":{"start":{"line":101,"column":0},"end":{"line":101,"column":41}},"101":{"start":{"line":102,"column":0},"end":{"line":102,"column":9}},"103":{"start":{"line":104,"column":0},"end":{"line":104,"column":41}},"104":{"start":{"line":105,"column":0},"end":{"line":105,"column":18}},"105":{"start":{"line":106,"column":0},"end":{"line":106,"column":33}},"106":{"start":{"line":107,"column":0},"end":{"line":107,"column":11}},"107":{"start":{"line":108,"column":0},"end":{"line":108,"column":4}},"109":{"start":{"line":110,"column":0},"end":{"line":110,"column":21}},"110":{"start":{"line":111,"column":0},"end":{"line":111,"column":76}},"111":{"start":{"line":112,"column":0},"end":{"line":112,"column":3}},"113":{"start":{"line":114,"column":0},"end":{"line":114,"column":36}},"114":{"start":{"line":115,"column":0},"end":{"line":115,"column":49}},"116":{"start":{"line":117,"column":0},"end":{"line":117,"column":21}},"117":{"start":{"line":118,"column":0},"end":{"line":118,"column":33}},"119":{"start":{"line":120,"column":0},"end":{"line":120,"column":19}},"120":{"start":{"line":121,"column":0},"end":{"line":121,"column":45}},"121":{"start":{"line":122,"column":0},"end":{"line":122,"column":33}},"122":{"start":{"line":123,"column":0},"end":{"line":123,"column":24}},"123":{"start":{"line":124,"column":0},"end":{"line":124,"column":3}},"125":{"start":{"line":126,"column":0},"end":{"line":126,"column":10}},"126":{"start":{"line":127,"column":0},"end":{"line":127,"column":46}},"127":{"start":{"line":128,"column":0},"end":{"line":128,"column":12}},"128":{"start":{"line":129,"column":0},"end":{"line":129,"column":12}},"129":{"start":{"line":130,"column":0},"end":{"line":130,"column":53}},"130":{"start":{"line":131,"column":0},"end":{"line":131,"column":60}},"131":{"start":{"line":132,"column":0},"end":{"line":132,"column":18}},"132":{"start":{"line":133,"column":0},"end":{"line":133,"column":3}},"133":{"start":{"line":134,"column":0},"end":{"line":134,"column":1}},"141":{"start":{"line":142,"column":0},"end":{"line":142,"column":59}},"142":{"start":{"line":143,"column":0},"end":{"line":143,"column":9}},"143":{"start":{"line":144,"column":0},"end":{"line":144,"column":39}},"144":{"start":{"line":145,"column":0},"end":{"line":145,"column":24}},"145":{"start":{"line":146,"column":0},"end":{"line":146,"column":20}},"146":{"start":{"line":147,"column":0},"end":{"line":147,"column":12}},"148":{"start":{"line":149,"column":0},"end":{"line":149,"column":10}},"149":{"start":{"line":150,"column":0},"end":{"line":150,"column":29}},"150":{"start":{"line":151,"column":0},"end":{"line":151,"column":23}},"151":{"start":{"line":152,"column":0},"end":{"line":152,"column":46}},"152":{"start":{"line":153,"column":0},"end":{"line":153,"column":26}},"153":{"start":{"line":154,"column":0},"end":{"line":154,"column":37}},"154":{"start":{"line":155,"column":0},"end":{"line":155,"column":36}},"155":{"start":{"line":156,"column":0},"end":{"line":156,"column":47}},"156":{"start":{"line":157,"column":0},"end":{"line":157,"column":6}},"157":{"start":{"line":158,"column":0},"end":{"line":158,"column":38}},"158":{"start":{"line":159,"column":0},"end":{"line":159,"column":23}},"159":{"start":{"line":160,"column":0},"end":{"line":160,"column":46}},"160":{"start":{"line":161,"column":0},"end":{"line":161,"column":26}},"161":{"start":{"line":162,"column":0},"end":{"line":162,"column":42}},"162":{"start":{"line":163,"column":0},"end":{"line":163,"column":36}},"163":{"start":{"line":164,"column":0},"end":{"line":164,"column":61}},"164":{"start":{"line":165,"column":0},"end":{"line":165,"column":6}},"165":{"start":{"line":166,"column":0},"end":{"line":166,"column":3}},"166":{"start":{"line":167,"column":0},"end":{"line":167,"column":1}}},"s":{"20":0,"21":0,"22":0,"24":0,"25":0,"26":0,"28":0,"29":0,"30":0,"31":0,"33":0,"34":0,"36":0,"37":0,"38":0,"39":0,"40":0,"42":0,"43":0,"44":0,"46":0,"47":0,"49":0,"50":0,"51":0,"52":0,"53":0,"54":0,"56":0,"57":0,"58":0,"59":0,"60":0,"62":0,"63":0,"64":0,"66":0,"67":0,"68":0,"69":0,"70":0,"72":0,"73":0,"74":0,"76":0,"78":0,"79":0,"80":0,"81":0,"82":0,"83":0,"84":0,"86":0,"87":0,"88":0,"89":0,"90":0,"91":0,"93":0,"94":0,"95":0,"96":0,"97":0,"99":0,"100":0,"101":0,"103":0,"104":0,"105":0,"106":0,"107":0,"109":0,"110":0,"111":0,"113":0,"114":0,"116":0,"117":0,"119":0,"120":0,"121":0,"122":0,"123":0,"125":0,"126":0,"127":0,"128":0,"129":0,"130":0,"131":0,"132":0,"133":0,"141":0,"142":0,"143":0,"144":0,"145":0,"146":0,"148":0,"149":0,"150":0,"151":0,"152":0,"153":0,"154":0,"155":0,"156":0,"157":0,"158":0,"159":0,"160":0,"161":0,"162":0,"163":0,"164":0,"165":0,"166":0},"branchMap":{"0":{"type":"branch","line":1,"loc":{"start":{"line":1,"column":4106},"end":{"line":175,"column":1}},"locations":[{"start":{"line":1,"column":4106},"end":{"line":175,"column":1}}]}},"b":{"0":[1]},"fnMap":{"0":{"name":"(empty-report)","decl":{"start":{"line":1,"column":4106},"end":{"line":175,"column":1}},"loc":{"start":{"line":1,"column":4106},"end":{"line":175,"column":1}},"line":1}},"f":{"0":1}}
,"/Users/stoetenremco/projects/github-api-serviec/src/services/repo-fetcher.ts": {"path":"/Users/stoetenremco/projects/github-api-serviec/src/services/repo-fetcher.ts","all":true,"statementMap":{"1":{"start":{"line":2,"column":0},"end":{"line":2,"column":57}},"2":{"start":{"line":3,"column":0},"end":{"line":3,"column":41}},"13":{"start":{"line":14,"column":0},"end":{"line":14,"column":41}},"14":{"start":{"line":15,"column":0},"end":{"line":15,"column":19}},"15":{"start":{"line":16,"column":0},"end":{"line":16,"column":35}},"16":{"start":{"line":17,"column":0},"end":{"line":17,"column":33}},"17":{"start":{"line":18,"column":0},"end":{"line":18,"column":41}},"19":{"start":{"line":20,"column":0},"end":{"line":20,"column":25}},"20":{"start":{"line":21,"column":0},"end":{"line":21,"column":16}},"21":{"start":{"line":22,"column":0},"end":{"line":22,"column":20}},"22":{"start":{"line":23,"column":0},"end":{"line":23,"column":22}},"23":{"start":{"line":24,"column":0},"end":{"line":24,"column":17}},"24":{"start":{"line":25,"column":0},"end":{"line":25,"column":19}},"25":{"start":{"line":26,"column":0},"end":{"line":26,"column":3}},"27":{"start":{"line":28,"column":0},"end":{"line":28,"column":70}},"28":{"start":{"line":29,"column":0},"end":{"line":29,"column":53}},"29":{"start":{"line":30,"column":0},"end":{"line":30,"column":18}},"30":{"start":{"line":31,"column":0},"end":{"line":31,"column":10}},"31":{"start":{"line":32,"column":0},"end":{"line":32,"column":3}},"33":{"start":{"line":34,"column":0},"end":{"line":34,"column":22}},"34":{"start":{"line":35,"column":0},"end":{"line":35,"column":1}},"36":{"start":{"line":37,"column":0},"end":{"line":37,"column":27}},"37":{"start":{"line":38,"column":0},"end":{"line":38,"column":19}},"38":{"start":{"line":39,"column":0},"end":{"line":39,"column":35}},"39":{"start":{"line":40,"column":0},"end":{"line":40,"column":33}},"40":{"start":{"line":41,"column":0},"end":{"line":41,"column":50}},"41":{"start":{"line":42,"column":0},"end":{"line":42,"column":1}},"43":{"start":{"line":44,"column":0},"end":{"line":44,"column":42}},"44":{"start":{"line":45,"column":0},"end":{"line":45,"column":28}},"45":{"start":{"line":46,"column":0},"end":{"line":46,"column":60}},"46":{"start":{"line":47,"column":0},"end":{"line":47,"column":45}},"47":{"start":{"line":48,"column":0},"end":{"line":48,"column":63}},"48":{"start":{"line":49,"column":0},"end":{"line":49,"column":3}},"49":{"start":{"line":50,"column":0},"end":{"line":50,"column":1}}},"s":{"1":0,"2":0,"13":0,"14":0,"15":0,"16":0,"17":0,"19":0,"20":0,"21":0,"22":0,"23":0,"24":0,"25":0,"27":0,"28":0,"29":0,"30":0,"31":0,"33":0,"34":0,"36":0,"37":0,"38":0,"39":0,"40":0,"41":0,"43":0,"44":0,"45":0,"46":0,"47":0,"48":0,"49":0},"branchMap":{"0":{"type":"branch","line":1,"loc":{"start":{"line":1,"column":1364},"end":{"line":53,"column":38}},"locations":[{"start":{"line":1,"column":1364},"end":{"line":53,"column":38}}]}},"b":{"0":[1]},"fnMap":{"0":{"name":"(empty-report)","decl":{"start":{"line":1,"column":1364},"end":{"line":53,"column":38}},"loc":{"start":{"line":1,"column":1364},"end":{"line":53,"column":38}},"line":1}},"f":{"0":1}}
,"/Users/stoetenremco/projects/github-api-serviec/src/services/user-fetcher.ts": {"path":"/Users/stoetenremco/projects/github-api-serviec/src/services/user-fetcher.ts","all":true,"statementMap":{"1":{"start":{"line":2,"column":0},"end":{"line":2,"column":43}},"2":{"start":{"line":3,"column":0},"end":{"line":3,"column":41}},"8":{"start":{"line":9,"column":0},"end":{"line":9,"column":33}},"9":{"start":{"line":10,"column":0},"end":{"line":10,"column":19}},"10":{"start":{"line":11,"column":0},"end":{"line":11,"column":27}},"11":{"start":{"line":12,"column":0},"end":{"line":12,"column":25}},"12":{"start":{"line":13,"column":0},"end":{"line":13,"column":50}},"13":{"start":{"line":14,"column":0},"end":{"line":14,"column":47}},"14":{"start":{"line":15,"column":0},"end":{"line":15,"column":14}},"15":{"start":{"line":16,"column":0},"end":{"line":16,"column":15}},"16":{"start":{"line":17,"column":0},"end":{"line":17,"column":3}},"18":{"start":{"line":19,"column":0},"end":{"line":19,"column":22}},"19":{"start":{"line":20,"column":0},"end":{"line":20,"column":1}},"21":{"start":{"line":22,"column":0},"end":{"line":22,"column":19}},"22":{"start":{"line":23,"column":0},"end":{"line":23,"column":19}},"23":{"start":{"line":24,"column":0},"end":{"line":24,"column":27}},"24":{"start":{"line":25,"column":0},"end":{"line":25,"column":25}},"25":{"start":{"line":26,"column":0},"end":{"line":26,"column":42}},"26":{"start":{"line":27,"column":0},"end":{"line":27,"column":1}},"28":{"start":{"line":29,"column":0},"end":{"line":29,"column":34}},"29":{"start":{"line":30,"column":0},"end":{"line":30,"column":20}},"30":{"start":{"line":31,"column":0},"end":{"line":31,"column":69}},"31":{"start":{"line":32,"column":0},"end":{"line":32,"column":1}}},"s":{"1":0,"2":0,"8":0,"9":0,"10":0,"11":0,"12":0,"13":0,"14":0,"15":0,"16":0,"18":0,"19":0,"21":0,"22":0,"23":0,"24":0,"25":0,"26":0,"28":0,"29":0,"30":0,"31":0},"branchMap":{"0":{"type":"branch","line":1,"loc":{"start":{"line":1,"column":782},"end":{"line":35,"column":30}},"locations":[{"start":{"line":1,"column":782},"end":{"line":35,"column":30}}]}},"b":{"0":[1]},"fnMap":{"0":{"name":"(empty-report)","decl":{"start":{"line":1,"column":782},"end":{"line":35,"column":30}},"loc":{"start":{"line":1,"column":782},"end":{"line":35,"column":30}},"line":1}},"f":{"0":1}}
,"/Users/stoetenremco/projects/github-api-serviec/src/types/base-entity.ts": {"path":"/Users/stoetenremco/projects/github-api-serviec/src/types/base-entity.ts","all":true,"statementMap":{},"s":{},"branchMap":{"0":{"type":"branch","line":1,"loc":{"start":{"line":1,"column":82},"end":{"line":5,"column":1}},"locations":[{"start":{"line":1,"column":82},"end":{"line":5,"column":1}}]}},"b":{"0":[1]},"fnMap":{"0":{"name":"(empty-report)","decl":{"start":{"line":1,"column":82},"end":{"line":5,"column":1}},"loc":{"start":{"line":1,"column":82},"end":{"line":5,"column":1}},"line":1}},"f":{"0":1}}
,"/Users/stoetenremco/projects/github-api-serviec/src/types/github-repository.ts": {"path":"/Users/stoetenremco/projects/github-api-serviec/src/types/github-repository.ts","all":true,"statementMap":{},"s":{},"branchMap":{"0":{"type":"branch","line":1,"loc":{"start":{"line":1,"column":1688},"end":{"line":60,"column":15}},"locations":[{"start":{"line":1,"column":1688},"end":{"line":60,"column":15}}]}},"b":{"0":[1]},"fnMap":{"0":{"name":"(empty-report)","decl":{"start":{"line":1,"column":1688},"end":{"line":60,"column":15}},"loc":{"start":{"line":1,"column":1688},"end":{"line":60,"column":15}},"line":1}},"f":{"0":1}}
,"/Users/stoetenremco/projects/github-api-serviec/src/types/github-user.ts": {"path":"/Users/stoetenremco/projects/github-api-serviec/src/types/github-user.ts","all":true,"statementMap":{},"s":{},"branchMap":{"0":{"type":"branch","line":1,"loc":{"start":{"line":1,"column":947},"end":{"line":34,"column":15}},"locations":[{"start":{"line":1,"column":947},"end":{"line":34,"column":15}}]}},"b":{"0":[1]},"fnMap":{"0":{"name":"(empty-report)","decl":{"start":{"line":1,"column":947},"end":{"line":34,"column":15}},"loc":{"start":{"line":1,"column":947},"end":{"line":34,"column":15}},"line":1}},"f":{"0":1}}
}
